::1 - - [11/Dec/2020:06:30:59 +0000] "GET / HTTP/1.1" 304 - "-" "Mozilla/5.0 (Windows NT 10.0; Win64; x64) AppleWebKit/537.36 (KHTML, like Gecko) Chrome/87.0.4280.88 Safari/537.36"
::1 - - [11/Dec/2020:06:30:59 +0000] "GET /stylesheets/style.css HTTP/1.1" 304 - "http://localhost:3001/" "Mozilla/5.0 (Windows NT 10.0; Win64; x64) AppleWebKit/537.36 (KHTML, like Gecko) Chrome/87.0.4280.88 Safari/537.36"
::1 - - [11/Dec/2020:06:30:59 +0000] "GET /javascripts/email.js HTTP/1.1" 304 - "http://localhost:3001/" "Mozilla/5.0 (Windows NT 10.0; Win64; x64) AppleWebKit/537.36 (KHTML, like Gecko) Chrome/87.0.4280.88 Safari/537.36"
::1 - - [11/Dec/2020:06:30:59 +0000] "GET /javascripts/main.js HTTP/1.1" 304 - "http://localhost:3001/" "Mozilla/5.0 (Windows NT 10.0; Win64; x64) AppleWebKit/537.36 (KHTML, like Gecko) Chrome/87.0.4280.88 Safari/537.36"
::1 - - [11/Dec/2020:06:30:59 +0000] "GET /favicon.ico HTTP/1.1" 404 0 "http://localhost:3001/" "Mozilla/5.0 (Windows NT 10.0; Win64; x64) AppleWebKit/537.36 (KHTML, like Gecko) Chrome/87.0.4280.88 Safari/537.36"
::1 - - [11/Dec/2020:06:31:21 +0000] "GET / HTTP/1.1" 304 - "-" "Mozilla/5.0 (Windows NT 10.0; Win64; x64) AppleWebKit/537.36 (KHTML, like Gecko) Chrome/87.0.4280.88 Safari/537.36"
::1 - - [11/Dec/2020:06:31:21 +0000] "GET /stylesheets/style.css HTTP/1.1" 304 - "http://localhost:3001/" "Mozilla/5.0 (Windows NT 10.0; Win64; x64) AppleWebKit/537.36 (KHTML, like Gecko) Chrome/87.0.4280.88 Safari/537.36"
::1 - - [11/Dec/2020:06:31:21 +0000] "GET /javascripts/email.js HTTP/1.1" 304 - "http://localhost:3001/" "Mozilla/5.0 (Windows NT 10.0; Win64; x64) AppleWebKit/537.36 (KHTML, like Gecko) Chrome/87.0.4280.88 Safari/537.36"
::1 - - [11/Dec/2020:06:31:21 +0000] "GET /javascripts/main.js HTTP/1.1" 304 - "http://localhost:3001/" "Mozilla/5.0 (Windows NT 10.0; Win64; x64) AppleWebKit/537.36 (KHTML, like Gecko) Chrome/87.0.4280.88 Safari/537.36"
::1 - - [11/Dec/2020:07:42:02 +0000] "GET / HTTP/1.1" 304 - "-" "Mozilla/5.0 (Windows NT 10.0; Win64; x64) AppleWebKit/537.36 (KHTML, like Gecko) Chrome/87.0.4280.88 Safari/537.36"
::1 - - [11/Dec/2020:07:42:02 +0000] "GET /javascripts/email.js HTTP/1.1" 304 - "http://localhost:3001/" "Mozilla/5.0 (Windows NT 10.0; Win64; x64) AppleWebKit/537.36 (KHTML, like Gecko) Chrome/87.0.4280.88 Safari/537.36"
::1 - - [11/Dec/2020:07:42:02 +0000] "GET /javascripts/main.js HTTP/1.1" 304 - "http://localhost:3001/" "Mozilla/5.0 (Windows NT 10.0; Win64; x64) AppleWebKit/537.36 (KHTML, like Gecko) Chrome/87.0.4280.88 Safari/537.36"
::1 - - [11/Dec/2020:07:42:02 +0000] "GET /stylesheets/style.css HTTP/1.1" 200 758 "http://localhost:3001/" "Mozilla/5.0 (Windows NT 10.0; Win64; x64) AppleWebKit/537.36 (KHTML, like Gecko) Chrome/87.0.4280.88 Safari/537.36"
::1 - - [11/Dec/2020:07:54:25 +0000] "GET / HTTP/1.1" 304 - "-" "Mozilla/5.0 (Windows NT 10.0; Win64; x64) AppleWebKit/537.36 (KHTML, like Gecko) Chrome/87.0.4280.88 Safari/537.36"
::1 - - [11/Dec/2020:07:54:25 +0000] "GET /javascripts/email.js HTTP/1.1" 304 - "http://localhost:3001/" "Mozilla/5.0 (Windows NT 10.0; Win64; x64) AppleWebKit/537.36 (KHTML, like Gecko) Chrome/87.0.4280.88 Safari/537.36"
::1 - - [11/Dec/2020:07:54:25 +0000] "GET /javascripts/main.js HTTP/1.1" 304 - "http://localhost:3001/" "Mozilla/5.0 (Windows NT 10.0; Win64; x64) AppleWebKit/537.36 (KHTML, like Gecko) Chrome/87.0.4280.88 Safari/537.36"
::1 - - [11/Dec/2020:07:54:25 +0000] "GET /stylesheets/style.css HTTP/1.1" 200 748 "http://localhost:3001/" "Mozilla/5.0 (Windows NT 10.0; Win64; x64) AppleWebKit/537.36 (KHTML, like Gecko) Chrome/87.0.4280.88 Safari/537.36"
::1 - - [11/Dec/2020:07:58:03 +0000] "GET / HTTP/1.1" 304 - "-" "Mozilla/5.0 (Windows NT 10.0; Win64; x64) AppleWebKit/537.36 (KHTML, like Gecko) Chrome/87.0.4280.88 Safari/537.36"
::1 - - [11/Dec/2020:07:58:03 +0000] "GET /javascripts/email.js HTTP/1.1" 304 - "http://localhost:3001/" "Mozilla/5.0 (Windows NT 10.0; Win64; x64) AppleWebKit/537.36 (KHTML, like Gecko) Chrome/87.0.4280.88 Safari/537.36"
::1 - - [11/Dec/2020:07:58:03 +0000] "GET /javascripts/main.js HTTP/1.1" 304 - "http://localhost:3001/" "Mozilla/5.0 (Windows NT 10.0; Win64; x64) AppleWebKit/537.36 (KHTML, like Gecko) Chrome/87.0.4280.88 Safari/537.36"
::1 - - [11/Dec/2020:07:58:03 +0000] "GET /stylesheets/style.css HTTP/1.1" 200 937 "http://localhost:3001/" "Mozilla/5.0 (Windows NT 10.0; Win64; x64) AppleWebKit/537.36 (KHTML, like Gecko) Chrome/87.0.4280.88 Safari/537.36"
::1 - - [11/Dec/2020:07:59:47 +0000] "GET / HTTP/1.1" 304 - "-" "Mozilla/5.0 (Windows NT 10.0; Win64; x64) AppleWebKit/537.36 (KHTML, like Gecko) Chrome/87.0.4280.88 Safari/537.36"
::1 - - [11/Dec/2020:07:59:47 +0000] "GET /javascripts/email.js HTTP/1.1" 304 - "http://localhost:3001/" "Mozilla/5.0 (Windows NT 10.0; Win64; x64) AppleWebKit/537.36 (KHTML, like Gecko) Chrome/87.0.4280.88 Safari/537.36"
::1 - - [11/Dec/2020:07:59:47 +0000] "GET /javascripts/main.js HTTP/1.1" 304 - "http://localhost:3001/" "Mozilla/5.0 (Windows NT 10.0; Win64; x64) AppleWebKit/537.36 (KHTML, like Gecko) Chrome/87.0.4280.88 Safari/537.36"
::1 - - [11/Dec/2020:07:59:47 +0000] "GET /stylesheets/style.css HTTP/1.1" 200 926 "http://localhost:3001/" "Mozilla/5.0 (Windows NT 10.0; Win64; x64) AppleWebKit/537.36 (KHTML, like Gecko) Chrome/87.0.4280.88 Safari/537.36"
::1 - - [11/Dec/2020:08:09:09 +0000] "GET / HTTP/1.1" 304 - "-" "Mozilla/5.0 (Windows NT 10.0; Win64; x64) AppleWebKit/537.36 (KHTML, like Gecko) Chrome/87.0.4280.88 Safari/537.36"
::1 - - [11/Dec/2020:08:09:09 +0000] "GET /stylesheets/style.css HTTP/1.1" 304 - "http://localhost:3001/" "Mozilla/5.0 (Windows NT 10.0; Win64; x64) AppleWebKit/537.36 (KHTML, like Gecko) Chrome/87.0.4280.88 Safari/537.36"
::1 - - [11/Dec/2020:08:09:09 +0000] "GET /javascripts/email.js HTTP/1.1" 304 - "http://localhost:3001/" "Mozilla/5.0 (Windows NT 10.0; Win64; x64) AppleWebKit/537.36 (KHTML, like Gecko) Chrome/87.0.4280.88 Safari/537.36"
::1 - - [11/Dec/2020:08:09:09 +0000] "GET /javascripts/main.js HTTP/1.1" 304 - "http://localhost:3001/" "Mozilla/5.0 (Windows NT 10.0; Win64; x64) AppleWebKit/537.36 (KHTML, like Gecko) Chrome/87.0.4280.88 Safari/537.36"
::1 - - [11/Dec/2020:08:45:47 +0000] "GET / HTTP/1.1" 200 1441 "-" "Mozilla/5.0 (Windows NT 10.0; Win64; x64) AppleWebKit/537.36 (KHTML, like Gecko) Chrome/87.0.4280.88 Safari/537.36"
::1 - - [11/Dec/2020:08:45:47 +0000] "GET /stylesheets/style.css HTTP/1.1" 304 - "http://localhost:3001/" "Mozilla/5.0 (Windows NT 10.0; Win64; x64) AppleWebKit/537.36 (KHTML, like Gecko) Chrome/87.0.4280.88 Safari/537.36"
::1 - - [11/Dec/2020:08:45:47 +0000] "GET /javascripts/email.js HTTP/1.1" 304 - "http://localhost:3001/" "Mozilla/5.0 (Windows NT 10.0; Win64; x64) AppleWebKit/537.36 (KHTML, like Gecko) Chrome/87.0.4280.88 Safari/537.36"
::1 - - [11/Dec/2020:08:45:47 +0000] "GET /javascripts/main.js HTTP/1.1" 304 - "http://localhost:3001/" "Mozilla/5.0 (Windows NT 10.0; Win64; x64) AppleWebKit/537.36 (KHTML, like Gecko) Chrome/87.0.4280.88 Safari/537.36"
::1 - - [11/Dec/2020:08:50:06 +0000] "GET / HTTP/1.1" 200 1513 "-" "Mozilla/5.0 (Windows NT 10.0; Win64; x64) AppleWebKit/537.36 (KHTML, like Gecko) Chrome/87.0.4280.88 Safari/537.36"
::1 - - [11/Dec/2020:08:50:06 +0000] "GET /stylesheets/style.css HTTP/1.1" 304 - "http://localhost:3001/" "Mozilla/5.0 (Windows NT 10.0; Win64; x64) AppleWebKit/537.36 (KHTML, like Gecko) Chrome/87.0.4280.88 Safari/537.36"
::1 - - [11/Dec/2020:08:50:06 +0000] "GET /javascripts/main.js HTTP/1.1" 304 - "http://localhost:3001/" "Mozilla/5.0 (Windows NT 10.0; Win64; x64) AppleWebKit/537.36 (KHTML, like Gecko) Chrome/87.0.4280.88 Safari/537.36"
::1 - - [11/Dec/2020:08:50:06 +0000] "GET /javascripts/email.js HTTP/1.1" 200 2009 "http://localhost:3001/" "Mozilla/5.0 (Windows NT 10.0; Win64; x64) AppleWebKit/537.36 (KHTML, like Gecko) Chrome/87.0.4280.88 Safari/537.36"
::1 - - [11/Dec/2020:08:50:06 +0000] "GET /javascripts/language.js HTTP/1.1" 200 95 "http://localhost:3001/" "Mozilla/5.0 (Windows NT 10.0; Win64; x64) AppleWebKit/537.36 (KHTML, like Gecko) Chrome/87.0.4280.88 Safari/537.36"
::1 - - [11/Dec/2020:08:50:07 +0000] "GET /stylesheets/style.css HTTP/1.1" 304 - "http://localhost:3001/" "Mozilla/5.0 (Windows NT 10.0; Win64; x64) AppleWebKit/537.36 (KHTML, like Gecko) Chrome/87.0.4280.88 Safari/537.36"
::1 - - [11/Dec/2020:08:50:33 +0000] "GET / HTTP/1.1" 200 1513 "-" "Mozilla/5.0 (Windows NT 10.0; Win64; x64) AppleWebKit/537.36 (KHTML, like Gecko) Chrome/87.0.4280.88 Safari/537.36"
::1 - - [11/Dec/2020:08:50:33 +0000] "GET /stylesheets/style.css HTTP/1.1" 200 926 "http://localhost:3001/" "Mozilla/5.0 (Windows NT 10.0; Win64; x64) AppleWebKit/537.36 (KHTML, like Gecko) Chrome/87.0.4280.88 Safari/537.36"
::1 - - [11/Dec/2020:08:50:33 +0000] "GET /javascripts/email.js HTTP/1.1" 200 2009 "http://localhost:3001/" "Mozilla/5.0 (Windows NT 10.0; Win64; x64) AppleWebKit/537.36 (KHTML, like Gecko) Chrome/87.0.4280.88 Safari/537.36"
::1 - - [11/Dec/2020:08:50:33 +0000] "GET /javascripts/main.js HTTP/1.1" 200 481 "http://localhost:3001/" "Mozilla/5.0 (Windows NT 10.0; Win64; x64) AppleWebKit/537.36 (KHTML, like Gecko) Chrome/87.0.4280.88 Safari/537.36"
::1 - - [11/Dec/2020:08:50:33 +0000] "GET /javascripts/language.js HTTP/1.1" 200 102 "http://localhost:3001/" "Mozilla/5.0 (Windows NT 10.0; Win64; x64) AppleWebKit/537.36 (KHTML, like Gecko) Chrome/87.0.4280.88 Safari/537.36"
::1 - - [11/Dec/2020:08:51:04 +0000] "GET / HTTP/1.1" 200 1513 "-" "Mozilla/5.0 (Windows NT 10.0; Win64; x64) AppleWebKit/537.36 (KHTML, like Gecko) Chrome/87.0.4280.88 Safari/537.36"
::1 - - [11/Dec/2020:08:51:04 +0000] "GET /stylesheets/style.css HTTP/1.1" 200 926 "http://localhost:3001/" "Mozilla/5.0 (Windows NT 10.0; Win64; x64) AppleWebKit/537.36 (KHTML, like Gecko) Chrome/87.0.4280.88 Safari/537.36"
::1 - - [11/Dec/2020:08:51:04 +0000] "GET /javascripts/main.js HTTP/1.1" 200 481 "http://localhost:3001/" "Mozilla/5.0 (Windows NT 10.0; Win64; x64) AppleWebKit/537.36 (KHTML, like Gecko) Chrome/87.0.4280.88 Safari/537.36"
::1 - - [11/Dec/2020:08:51:04 +0000] "GET /javascripts/email.js HTTP/1.1" 200 2009 "http://localhost:3001/" "Mozilla/5.0 (Windows NT 10.0; Win64; x64) AppleWebKit/537.36 (KHTML, like Gecko) Chrome/87.0.4280.88 Safari/537.36"
::1 - - [11/Dec/2020:08:51:04 +0000] "GET /javascripts/language.js HTTP/1.1" 200 96 "http://localhost:3001/" "Mozilla/5.0 (Windows NT 10.0; Win64; x64) AppleWebKit/537.36 (KHTML, like Gecko) Chrome/87.0.4280.88 Safari/537.36"
::1 - - [11/Dec/2020:08:51:24 +0000] "GET / HTTP/1.1" 200 1513 "-" "Mozilla/5.0 (Windows NT 10.0; Win64; x64) AppleWebKit/537.36 (KHTML, like Gecko) Chrome/87.0.4280.88 Safari/537.36"
::1 - - [11/Dec/2020:08:51:24 +0000] "GET /stylesheets/style.css HTTP/1.1" 200 926 "http://localhost:3001/" "Mozilla/5.0 (Windows NT 10.0; Win64; x64) AppleWebKit/537.36 (KHTML, like Gecko) Chrome/87.0.4280.88 Safari/537.36"
::1 - - [11/Dec/2020:08:51:24 +0000] "GET /javascripts/email.js HTTP/1.1" 200 2009 "http://localhost:3001/" "Mozilla/5.0 (Windows NT 10.0; Win64; x64) AppleWebKit/537.36 (KHTML, like Gecko) Chrome/87.0.4280.88 Safari/537.36"
::1 - - [11/Dec/2020:08:51:24 +0000] "GET /javascripts/main.js HTTP/1.1" 200 481 "http://localhost:3001/" "Mozilla/5.0 (Windows NT 10.0; Win64; x64) AppleWebKit/537.36 (KHTML, like Gecko) Chrome/87.0.4280.88 Safari/537.36"
::1 - - [11/Dec/2020:08:51:24 +0000] "GET /javascripts/language.js HTTP/1.1" 200 96 "http://localhost:3001/" "Mozilla/5.0 (Windows NT 10.0; Win64; x64) AppleWebKit/537.36 (KHTML, like Gecko) Chrome/87.0.4280.88 Safari/537.36"
::1 - - [11/Dec/2020:08:51:37 +0000] "GET / HTTP/1.1" 200 1513 "-" "Mozilla/5.0 (Windows NT 10.0; Win64; x64) AppleWebKit/537.36 (KHTML, like Gecko) Chrome/87.0.4280.88 Safari/537.36"
::1 - - [11/Dec/2020:08:51:37 +0000] "GET /stylesheets/style.css HTTP/1.1" 200 926 "http://localhost:3001/" "Mozilla/5.0 (Windows NT 10.0; Win64; x64) AppleWebKit/537.36 (KHTML, like Gecko) Chrome/87.0.4280.88 Safari/537.36"
::1 - - [11/Dec/2020:08:51:37 +0000] "GET /javascripts/email.js HTTP/1.1" 200 2009 "http://localhost:3001/" "Mozilla/5.0 (Windows NT 10.0; Win64; x64) AppleWebKit/537.36 (KHTML, like Gecko) Chrome/87.0.4280.88 Safari/537.36"
::1 - - [11/Dec/2020:08:51:37 +0000] "GET /javascripts/main.js HTTP/1.1" 200 481 "http://localhost:3001/" "Mozilla/5.0 (Windows NT 10.0; Win64; x64) AppleWebKit/537.36 (KHTML, like Gecko) Chrome/87.0.4280.88 Safari/537.36"
::1 - - [11/Dec/2020:08:51:37 +0000] "GET /javascripts/language.js HTTP/1.1" 200 96 "http://localhost:3001/" "Mozilla/5.0 (Windows NT 10.0; Win64; x64) AppleWebKit/537.36 (KHTML, like Gecko) Chrome/87.0.4280.88 Safari/537.36"
::1 - - [11/Dec/2020:08:51:44 +0000] "GET / HTTP/1.1" 200 1513 "-" "Mozilla/5.0 (Windows NT 10.0; Win64; x64) AppleWebKit/537.36 (KHTML, like Gecko) Chrome/87.0.4280.88 Safari/537.36"
::1 - - [11/Dec/2020:08:51:44 +0000] "GET /stylesheets/style.css HTTP/1.1" 200 926 "http://localhost:3001/" "Mozilla/5.0 (Windows NT 10.0; Win64; x64) AppleWebKit/537.36 (KHTML, like Gecko) Chrome/87.0.4280.88 Safari/537.36"
::1 - - [11/Dec/2020:08:51:44 +0000] "GET /javascripts/email.js HTTP/1.1" 200 2009 "http://localhost:3001/" "Mozilla/5.0 (Windows NT 10.0; Win64; x64) AppleWebKit/537.36 (KHTML, like Gecko) Chrome/87.0.4280.88 Safari/537.36"
::1 - - [11/Dec/2020:08:51:44 +0000] "GET /javascripts/main.js HTTP/1.1" 200 481 "http://localhost:3001/" "Mozilla/5.0 (Windows NT 10.0; Win64; x64) AppleWebKit/537.36 (KHTML, like Gecko) Chrome/87.0.4280.88 Safari/537.36"
::1 - - [11/Dec/2020:08:51:44 +0000] "GET /javascripts/language.js HTTP/1.1" 200 89 "http://localhost:3001/" "Mozilla/5.0 (Windows NT 10.0; Win64; x64) AppleWebKit/537.36 (KHTML, like Gecko) Chrome/87.0.4280.88 Safari/537.36"
::1 - - [11/Dec/2020:08:52:09 +0000] "GET / HTTP/1.1" 200 1513 "-" "Mozilla/5.0 (Windows NT 10.0; Win64; x64) AppleWebKit/537.36 (KHTML, like Gecko) Chrome/87.0.4280.88 Safari/537.36"
::1 - - [11/Dec/2020:08:52:09 +0000] "GET /stylesheets/style.css HTTP/1.1" 200 926 "http://localhost:3001/" "Mozilla/5.0 (Windows NT 10.0; Win64; x64) AppleWebKit/537.36 (KHTML, like Gecko) Chrome/87.0.4280.88 Safari/537.36"
::1 - - [11/Dec/2020:08:52:09 +0000] "GET /javascripts/email.js HTTP/1.1" 200 2009 "http://localhost:3001/" "Mozilla/5.0 (Windows NT 10.0; Win64; x64) AppleWebKit/537.36 (KHTML, like Gecko) Chrome/87.0.4280.88 Safari/537.36"
::1 - - [11/Dec/2020:08:52:09 +0000] "GET /javascripts/language.js HTTP/1.1" 200 96 "http://localhost:3001/" "Mozilla/5.0 (Windows NT 10.0; Win64; x64) AppleWebKit/537.36 (KHTML, like Gecko) Chrome/87.0.4280.88 Safari/537.36"
::1 - - [11/Dec/2020:08:52:09 +0000] "GET /javascripts/main.js HTTP/1.1" 200 481 "http://localhost:3001/" "Mozilla/5.0 (Windows NT 10.0; Win64; x64) AppleWebKit/537.36 (KHTML, like Gecko) Chrome/87.0.4280.88 Safari/537.36"
::1 - - [11/Dec/2020:08:52:13 +0000] "GET /stylesheets/style.css HTTP/1.1" 304 - "http://localhost:3001/" "Mozilla/5.0 (Windows NT 10.0; Win64; x64) AppleWebKit/537.36 (KHTML, like Gecko) Chrome/87.0.4280.88 Safari/537.36"
::1 - - [11/Dec/2020:08:53:46 +0000] "GET / HTTP/1.1" 200 1537 "-" "Mozilla/5.0 (Windows NT 10.0; Win64; x64) AppleWebKit/537.36 (KHTML, like Gecko) Chrome/87.0.4280.88 Safari/537.36"
::1 - - [11/Dec/2020:08:53:46 +0000] "GET /stylesheets/style.css HTTP/1.1" 200 926 "http://localhost:3001/" "Mozilla/5.0 (Windows NT 10.0; Win64; x64) AppleWebKit/537.36 (KHTML, like Gecko) Chrome/87.0.4280.88 Safari/537.36"
::1 - - [11/Dec/2020:08:53:46 +0000] "GET /javascripts/email.js HTTP/1.1" 200 2009 "http://localhost:3001/" "Mozilla/5.0 (Windows NT 10.0; Win64; x64) AppleWebKit/537.36 (KHTML, like Gecko) Chrome/87.0.4280.88 Safari/537.36"
::1 - - [11/Dec/2020:08:53:46 +0000] "GET /javascripts/main.js HTTP/1.1" 200 481 "http://localhost:3001/" "Mozilla/5.0 (Windows NT 10.0; Win64; x64) AppleWebKit/537.36 (KHTML, like Gecko) Chrome/87.0.4280.88 Safari/537.36"
::1 - - [11/Dec/2020:08:53:46 +0000] "GET /javascripts/language.js HTTP/1.1" 200 31 "http://localhost:3001/" "Mozilla/5.0 (Windows NT 10.0; Win64; x64) AppleWebKit/537.36 (KHTML, like Gecko) Chrome/87.0.4280.88 Safari/537.36"
::1 - - [11/Dec/2020:08:54:32 +0000] "GET / HTTP/1.1" 200 1545 "-" "Mozilla/5.0 (Windows NT 10.0; Win64; x64) AppleWebKit/537.36 (KHTML, like Gecko) Chrome/87.0.4280.88 Safari/537.36"
::1 - - [11/Dec/2020:08:54:32 +0000] "GET /javascripts/email.js HTTP/1.1" 200 2009 "http://localhost:3001/" "Mozilla/5.0 (Windows NT 10.0; Win64; x64) AppleWebKit/537.36 (KHTML, like Gecko) Chrome/87.0.4280.88 Safari/537.36"
::1 - - [11/Dec/2020:08:54:32 +0000] "GET /stylesheets/style.css HTTP/1.1" 200 926 "http://localhost:3001/" "Mozilla/5.0 (Windows NT 10.0; Win64; x64) AppleWebKit/537.36 (KHTML, like Gecko) Chrome/87.0.4280.88 Safari/537.36"
::1 - - [11/Dec/2020:08:54:32 +0000] "GET /javascripts/main.js HTTP/1.1" 200 481 "http://localhost:3001/" "Mozilla/5.0 (Windows NT 10.0; Win64; x64) AppleWebKit/537.36 (KHTML, like Gecko) Chrome/87.0.4280.88 Safari/537.36"
::1 - - [11/Dec/2020:08:54:32 +0000] "GET /javascripts/language.js HTTP/1.1" 200 271 "http://localhost:3001/" "Mozilla/5.0 (Windows NT 10.0; Win64; x64) AppleWebKit/537.36 (KHTML, like Gecko) Chrome/87.0.4280.88 Safari/537.36"
::1 - - [11/Dec/2020:08:56:36 +0000] "GET / HTTP/1.1" 200 1545 "-" "Mozilla/5.0 (Windows NT 10.0; Win64; x64) AppleWebKit/537.36 (KHTML, like Gecko) Chrome/87.0.4280.88 Safari/537.36"
::1 - - [11/Dec/2020:08:56:36 +0000] "GET /stylesheets/style.css HTTP/1.1" 200 926 "http://localhost:3001/" "Mozilla/5.0 (Windows NT 10.0; Win64; x64) AppleWebKit/537.36 (KHTML, like Gecko) Chrome/87.0.4280.88 Safari/537.36"
::1 - - [11/Dec/2020:08:56:36 +0000] "GET /javascripts/email.js HTTP/1.1" 200 2009 "http://localhost:3001/" "Mozilla/5.0 (Windows NT 10.0; Win64; x64) AppleWebKit/537.36 (KHTML, like Gecko) Chrome/87.0.4280.88 Safari/537.36"
::1 - - [11/Dec/2020:08:56:36 +0000] "GET /javascripts/main.js HTTP/1.1" 200 481 "http://localhost:3001/" "Mozilla/5.0 (Windows NT 10.0; Win64; x64) AppleWebKit/537.36 (KHTML, like Gecko) Chrome/87.0.4280.88 Safari/537.36"
::1 - - [11/Dec/2020:08:56:36 +0000] "GET /javascripts/language.js HTTP/1.1" 200 994 "http://localhost:3001/" "Mozilla/5.0 (Windows NT 10.0; Win64; x64) AppleWebKit/537.36 (KHTML, like Gecko) Chrome/87.0.4280.88 Safari/537.36"
::1 - - [11/Dec/2020:08:56:44 +0000] "GET / HTTP/1.1" 200 1545 "-" "Mozilla/5.0 (Windows NT 10.0; Win64; x64) AppleWebKit/537.36 (KHTML, like Gecko) Chrome/87.0.4280.88 Safari/537.36"
::1 - - [11/Dec/2020:08:56:44 +0000] "GET /stylesheets/style.css HTTP/1.1" 200 926 "http://localhost:3001/" "Mozilla/5.0 (Windows NT 10.0; Win64; x64) AppleWebKit/537.36 (KHTML, like Gecko) Chrome/87.0.4280.88 Safari/537.36"
::1 - - [11/Dec/2020:08:56:44 +0000] "GET /javascripts/email.js HTTP/1.1" 200 2009 "http://localhost:3001/" "Mozilla/5.0 (Windows NT 10.0; Win64; x64) AppleWebKit/537.36 (KHTML, like Gecko) Chrome/87.0.4280.88 Safari/537.36"
::1 - - [11/Dec/2020:08:56:44 +0000] "GET /javascripts/main.js HTTP/1.1" 200 481 "http://localhost:3001/" "Mozilla/5.0 (Windows NT 10.0; Win64; x64) AppleWebKit/537.36 (KHTML, like Gecko) Chrome/87.0.4280.88 Safari/537.36"
::1 - - [11/Dec/2020:08:56:44 +0000] "GET /javascripts/language.js HTTP/1.1" 200 994 "http://localhost:3001/" "Mozilla/5.0 (Windows NT 10.0; Win64; x64) AppleWebKit/537.36 (KHTML, like Gecko) Chrome/87.0.4280.88 Safari/537.36"
::1 - - [11/Dec/2020:08:57:44 +0000] "GET / HTTP/1.1" 200 1545 "-" "Mozilla/5.0 (Windows NT 10.0; Win64; x64) AppleWebKit/537.36 (KHTML, like Gecko) Chrome/87.0.4280.88 Safari/537.36"
::1 - - [11/Dec/2020:08:57:44 +0000] "GET /stylesheets/style.css HTTP/1.1" 200 926 "http://localhost:3001/" "Mozilla/5.0 (Windows NT 10.0; Win64; x64) AppleWebKit/537.36 (KHTML, like Gecko) Chrome/87.0.4280.88 Safari/537.36"
::1 - - [11/Dec/2020:08:57:44 +0000] "GET /javascripts/email.js HTTP/1.1" 200 2009 "http://localhost:3001/" "Mozilla/5.0 (Windows NT 10.0; Win64; x64) AppleWebKit/537.36 (KHTML, like Gecko) Chrome/87.0.4280.88 Safari/537.36"
::1 - - [11/Dec/2020:08:57:44 +0000] "GET /javascripts/main.js HTTP/1.1" 200 481 "http://localhost:3001/" "Mozilla/5.0 (Windows NT 10.0; Win64; x64) AppleWebKit/537.36 (KHTML, like Gecko) Chrome/87.0.4280.88 Safari/537.36"
::1 - - [11/Dec/2020:08:57:44 +0000] "GET /javascripts/language.js HTTP/1.1" 200 994 "http://localhost:3001/" "Mozilla/5.0 (Windows NT 10.0; Win64; x64) AppleWebKit/537.36 (KHTML, like Gecko) Chrome/87.0.4280.88 Safari/537.36"
::1 - - [11/Dec/2020:08:58:19 +0000] "GET / HTTP/1.1" 500 1545 "-" "Mozilla/5.0 (Windows NT 10.0; Win64; x64) AppleWebKit/537.36 (KHTML, like Gecko) Chrome/87.0.4280.88 Safari/537.36"
::1 - - [11/Dec/2020:08:58:20 +0000] "GET /stylesheets/style.css HTTP/1.1" 200 926 "http://localhost:3001/" "Mozilla/5.0 (Windows NT 10.0; Win64; x64) AppleWebKit/537.36 (KHTML, like Gecko) Chrome/87.0.4280.88 Safari/537.36"
::1 - - [11/Dec/2020:08:58:20 +0000] "GET /javascripts/email.js HTTP/1.1" 200 2009 "http://localhost:3001/" "Mozilla/5.0 (Windows NT 10.0; Win64; x64) AppleWebKit/537.36 (KHTML, like Gecko) Chrome/87.0.4280.88 Safari/537.36"
::1 - - [11/Dec/2020:08:58:20 +0000] "GET /javascripts/language.js HTTP/1.1" 200 994 "http://localhost:3001/" "Mozilla/5.0 (Windows NT 10.0; Win64; x64) AppleWebKit/537.36 (KHTML, like Gecko) Chrome/87.0.4280.88 Safari/537.36"
::1 - - [11/Dec/2020:08:58:20 +0000] "GET /javascripts/main.js HTTP/1.1" 200 481 "http://localhost:3001/" "Mozilla/5.0 (Windows NT 10.0; Win64; x64) AppleWebKit/537.36 (KHTML, like Gecko) Chrome/87.0.4280.88 Safari/537.36"
::1 - - [11/Dec/2020:08:59:21 +0000] "GET / HTTP/1.1" 500 1545 "-" "Mozilla/5.0 (Windows NT 10.0; Win64; x64) AppleWebKit/537.36 (KHTML, like Gecko) Chrome/87.0.4280.88 Safari/537.36"
::1 - - [11/Dec/2020:08:59:21 +0000] "GET /stylesheets/style.css HTTP/1.1" 200 926 "http://localhost:3001/" "Mozilla/5.0 (Windows NT 10.0; Win64; x64) AppleWebKit/537.36 (KHTML, like Gecko) Chrome/87.0.4280.88 Safari/537.36"
::1 - - [11/Dec/2020:08:59:21 +0000] "GET /javascripts/main.js HTTP/1.1" 200 481 "http://localhost:3001/" "Mozilla/5.0 (Windows NT 10.0; Win64; x64) AppleWebKit/537.36 (KHTML, like Gecko) Chrome/87.0.4280.88 Safari/537.36"
::1 - - [11/Dec/2020:08:59:21 +0000] "GET /javascripts/language.js HTTP/1.1" 200 994 "http://localhost:3001/" "Mozilla/5.0 (Windows NT 10.0; Win64; x64) AppleWebKit/537.36 (KHTML, like Gecko) Chrome/87.0.4280.88 Safari/537.36"
::1 - - [11/Dec/2020:08:59:21 +0000] "GET /javascripts/email.js HTTP/1.1" 200 2009 "http://localhost:3001/" "Mozilla/5.0 (Windows NT 10.0; Win64; x64) AppleWebKit/537.36 (KHTML, like Gecko) Chrome/87.0.4280.88 Safari/537.36"
::1 - - [11/Dec/2020:09:00:40 +0000] "GET / HTTP/1.1" 200 1545 "-" "Mozilla/5.0 (Windows NT 10.0; Win64; x64) AppleWebKit/537.36 (KHTML, like Gecko) Chrome/87.0.4280.88 Safari/537.36"
::1 - - [11/Dec/2020:09:00:40 +0000] "GET /stylesheets/style.css HTTP/1.1" 200 926 "http://localhost:3001/" "Mozilla/5.0 (Windows NT 10.0; Win64; x64) AppleWebKit/537.36 (KHTML, like Gecko) Chrome/87.0.4280.88 Safari/537.36"
::1 - - [11/Dec/2020:09:00:40 +0000] "GET /javascripts/email.js HTTP/1.1" 200 2009 "http://localhost:3001/" "Mozilla/5.0 (Windows NT 10.0; Win64; x64) AppleWebKit/537.36 (KHTML, like Gecko) Chrome/87.0.4280.88 Safari/537.36"
::1 - - [11/Dec/2020:09:00:40 +0000] "GET /javascripts/main.js HTTP/1.1" 200 481 "http://localhost:3001/" "Mozilla/5.0 (Windows NT 10.0; Win64; x64) AppleWebKit/537.36 (KHTML, like Gecko) Chrome/87.0.4280.88 Safari/537.36"
::1 - - [11/Dec/2020:09:00:40 +0000] "GET /javascripts/language.js HTTP/1.1" 200 994 "http://localhost:3001/" "Mozilla/5.0 (Windows NT 10.0; Win64; x64) AppleWebKit/537.36 (KHTML, like Gecko) Chrome/87.0.4280.88 Safari/537.36"
::1 - - [11/Dec/2020:09:01:00 +0000] "GET / HTTP/1.1" 200 1545 "-" "Mozilla/5.0 (Windows NT 10.0; Win64; x64) AppleWebKit/537.36 (KHTML, like Gecko) Chrome/87.0.4280.88 Safari/537.36"
::1 - - [11/Dec/2020:09:01:00 +0000] "GET /stylesheets/style.css HTTP/1.1" 200 926 "http://localhost:3001/" "Mozilla/5.0 (Windows NT 10.0; Win64; x64) AppleWebKit/537.36 (KHTML, like Gecko) Chrome/87.0.4280.88 Safari/537.36"
::1 - - [11/Dec/2020:09:01:00 +0000] "GET /javascripts/email.js HTTP/1.1" 200 2009 "http://localhost:3001/" "Mozilla/5.0 (Windows NT 10.0; Win64; x64) AppleWebKit/537.36 (KHTML, like Gecko) Chrome/87.0.4280.88 Safari/537.36"
::1 - - [11/Dec/2020:09:01:00 +0000] "GET /javascripts/main.js HTTP/1.1" 200 481 "http://localhost:3001/" "Mozilla/5.0 (Windows NT 10.0; Win64; x64) AppleWebKit/537.36 (KHTML, like Gecko) Chrome/87.0.4280.88 Safari/537.36"
::1 - - [11/Dec/2020:09:01:00 +0000] "GET /javascripts/language.js HTTP/1.1" 200 994 "http://localhost:3001/" "Mozilla/5.0 (Windows NT 10.0; Win64; x64) AppleWebKit/537.36 (KHTML, like Gecko) Chrome/87.0.4280.88 Safari/537.36"
::1 - - [11/Dec/2020:09:01:03 +0000] "GET / HTTP/1.1" 200 1545 "-" "Mozilla/5.0 (Windows NT 10.0; Win64; x64) AppleWebKit/537.36 (KHTML, like Gecko) Chrome/87.0.4280.88 Safari/537.36"
::1 - - [11/Dec/2020:09:01:03 +0000] "GET /stylesheets/style.css HTTP/1.1" 200 926 "http://localhost:3001/" "Mozilla/5.0 (Windows NT 10.0; Win64; x64) AppleWebKit/537.36 (KHTML, like Gecko) Chrome/87.0.4280.88 Safari/537.36"
::1 - - [11/Dec/2020:09:01:03 +0000] "GET /javascripts/email.js HTTP/1.1" 200 2009 "http://localhost:3001/" "Mozilla/5.0 (Windows NT 10.0; Win64; x64) AppleWebKit/537.36 (KHTML, like Gecko) Chrome/87.0.4280.88 Safari/537.36"
::1 - - [11/Dec/2020:09:01:03 +0000] "GET /javascripts/main.js HTTP/1.1" 200 481 "http://localhost:3001/" "Mozilla/5.0 (Windows NT 10.0; Win64; x64) AppleWebKit/537.36 (KHTML, like Gecko) Chrome/87.0.4280.88 Safari/537.36"
::1 - - [11/Dec/2020:09:01:03 +0000] "GET /javascripts/language.js HTTP/1.1" 200 994 "http://localhost:3001/" "Mozilla/5.0 (Windows NT 10.0; Win64; x64) AppleWebKit/537.36 (KHTML, like Gecko) Chrome/87.0.4280.88 Safari/537.36"
::1 - - [11/Dec/2020:09:14:50 +0000] "GET / HTTP/1.1" 200 1545 "-" "Mozilla/5.0 (Windows NT 10.0; Win64; x64) AppleWebKit/537.36 (KHTML, like Gecko) Chrome/87.0.4280.88 Safari/537.36"
::1 - - [11/Dec/2020:09:14:50 +0000] "GET /stylesheets/style.css HTTP/1.1" 200 926 "http://localhost:3001/" "Mozilla/5.0 (Windows NT 10.0; Win64; x64) AppleWebKit/537.36 (KHTML, like Gecko) Chrome/87.0.4280.88 Safari/537.36"
::1 - - [11/Dec/2020:09:14:50 +0000] "GET /javascripts/email.js HTTP/1.1" 200 2009 "http://localhost:3001/" "Mozilla/5.0 (Windows NT 10.0; Win64; x64) AppleWebKit/537.36 (KHTML, like Gecko) Chrome/87.0.4280.88 Safari/537.36"
::1 - - [11/Dec/2020:09:14:50 +0000] "GET /javascripts/language.js HTTP/1.1" 200 1031 "http://localhost:3001/" "Mozilla/5.0 (Windows NT 10.0; Win64; x64) AppleWebKit/537.36 (KHTML, like Gecko) Chrome/87.0.4280.88 Safari/537.36"
::1 - - [11/Dec/2020:09:14:50 +0000] "GET /javascripts/main.js HTTP/1.1" 200 481 "http://localhost:3001/" "Mozilla/5.0 (Windows NT 10.0; Win64; x64) AppleWebKit/537.36 (KHTML, like Gecko) Chrome/87.0.4280.88 Safari/537.36"
::1 - - [11/Dec/2020:09:14:54 +0000] "GET /eng HTTP/1.1" 404 0 "http://localhost:3001/" "Mozilla/5.0 (Windows NT 10.0; Win64; x64) AppleWebKit/537.36 (KHTML, like Gecko) Chrome/87.0.4280.88 Safari/537.36"
::1 - - [11/Dec/2020:09:15:18 +0000] "GET /eng HTTP/1.1" 200 1545 "http://localhost:3001/" "Mozilla/5.0 (Windows NT 10.0; Win64; x64) AppleWebKit/537.36 (KHTML, like Gecko) Chrome/87.0.4280.88 Safari/537.36"
::1 - - [11/Dec/2020:09:15:18 +0000] "GET /stylesheets/style.css HTTP/1.1" 200 926 "http://localhost:3001/eng" "Mozilla/5.0 (Windows NT 10.0; Win64; x64) AppleWebKit/537.36 (KHTML, like Gecko) Chrome/87.0.4280.88 Safari/537.36"
::1 - - [11/Dec/2020:09:15:18 +0000] "GET /javascripts/email.js HTTP/1.1" 200 2009 "http://localhost:3001/eng" "Mozilla/5.0 (Windows NT 10.0; Win64; x64) AppleWebKit/537.36 (KHTML, like Gecko) Chrome/87.0.4280.88 Safari/537.36"
::1 - - [11/Dec/2020:09:15:18 +0000] "GET /javascripts/main.js HTTP/1.1" 200 481 "http://localhost:3001/eng" "Mozilla/5.0 (Windows NT 10.0; Win64; x64) AppleWebKit/537.36 (KHTML, like Gecko) Chrome/87.0.4280.88 Safari/537.36"
::1 - - [11/Dec/2020:09:15:18 +0000] "GET /javascripts/language.js HTTP/1.1" 200 1031 "http://localhost:3001/eng" "Mozilla/5.0 (Windows NT 10.0; Win64; x64) AppleWebKit/537.36 (KHTML, like Gecko) Chrome/87.0.4280.88 Safari/537.36"
::1 - - [11/Dec/2020:09:15:19 +0000] "GET /eng HTTP/1.1" 200 1545 "http://localhost:3001/eng" "Mozilla/5.0 (Windows NT 10.0; Win64; x64) AppleWebKit/537.36 (KHTML, like Gecko) Chrome/87.0.4280.88 Safari/537.36"
::1 - - [11/Dec/2020:09:15:19 +0000] "GET /stylesheets/style.css HTTP/1.1" 200 926 "http://localhost:3001/eng" "Mozilla/5.0 (Windows NT 10.0; Win64; x64) AppleWebKit/537.36 (KHTML, like Gecko) Chrome/87.0.4280.88 Safari/537.36"
::1 - - [11/Dec/2020:09:15:19 +0000] "GET /javascripts/email.js HTTP/1.1" 200 2009 "http://localhost:3001/eng" "Mozilla/5.0 (Windows NT 10.0; Win64; x64) AppleWebKit/537.36 (KHTML, like Gecko) Chrome/87.0.4280.88 Safari/537.36"
::1 - - [11/Dec/2020:09:15:19 +0000] "GET /javascripts/main.js HTTP/1.1" 200 481 "http://localhost:3001/eng" "Mozilla/5.0 (Windows NT 10.0; Win64; x64) AppleWebKit/537.36 (KHTML, like Gecko) Chrome/87.0.4280.88 Safari/537.36"
::1 - - [11/Dec/2020:09:15:19 +0000] "GET /javascripts/language.js HTTP/1.1" 200 1031 "http://localhost:3001/eng" "Mozilla/5.0 (Windows NT 10.0; Win64; x64) AppleWebKit/537.36 (KHTML, like Gecko) Chrome/87.0.4280.88 Safari/537.36"
::1 - - [11/Dec/2020:09:15:25 +0000] "GET /eng HTTP/1.1" 200 1545 "http://localhost:3001/eng" "Mozilla/5.0 (Windows NT 10.0; Win64; x64) AppleWebKit/537.36 (KHTML, like Gecko) Chrome/87.0.4280.88 Safari/537.36"
::1 - - [11/Dec/2020:09:15:25 +0000] "GET /stylesheets/style.css HTTP/1.1" 200 926 "http://localhost:3001/eng" "Mozilla/5.0 (Windows NT 10.0; Win64; x64) AppleWebKit/537.36 (KHTML, like Gecko) Chrome/87.0.4280.88 Safari/537.36"
::1 - - [11/Dec/2020:09:15:25 +0000] "GET /javascripts/email.js HTTP/1.1" 200 2009 "http://localhost:3001/eng" "Mozilla/5.0 (Windows NT 10.0; Win64; x64) AppleWebKit/537.36 (KHTML, like Gecko) Chrome/87.0.4280.88 Safari/537.36"
::1 - - [11/Dec/2020:09:15:25 +0000] "GET /javascripts/main.js HTTP/1.1" 200 481 "http://localhost:3001/eng" "Mozilla/5.0 (Windows NT 10.0; Win64; x64) AppleWebKit/537.36 (KHTML, like Gecko) Chrome/87.0.4280.88 Safari/537.36"
::1 - - [11/Dec/2020:09:15:25 +0000] "GET /javascripts/language.js HTTP/1.1" 200 1031 "http://localhost:3001/eng" "Mozilla/5.0 (Windows NT 10.0; Win64; x64) AppleWebKit/537.36 (KHTML, like Gecko) Chrome/87.0.4280.88 Safari/537.36"
::1 - - [11/Dec/2020:09:15:45 +0000] "GET /eng HTTP/1.1" 200 1545 "http://localhost:3001/eng" "Mozilla/5.0 (Windows NT 10.0; Win64; x64) AppleWebKit/537.36 (KHTML, like Gecko) Chrome/87.0.4280.88 Safari/537.36"
::1 - - [11/Dec/2020:09:15:45 +0000] "GET /stylesheets/style.css HTTP/1.1" 200 926 "http://localhost:3001/eng" "Mozilla/5.0 (Windows NT 10.0; Win64; x64) AppleWebKit/537.36 (KHTML, like Gecko) Chrome/87.0.4280.88 Safari/537.36"
::1 - - [11/Dec/2020:09:15:45 +0000] "GET /javascripts/email.js HTTP/1.1" 200 2009 "http://localhost:3001/eng" "Mozilla/5.0 (Windows NT 10.0; Win64; x64) AppleWebKit/537.36 (KHTML, like Gecko) Chrome/87.0.4280.88 Safari/537.36"
::1 - - [11/Dec/2020:09:15:45 +0000] "GET /javascripts/main.js HTTP/1.1" 200 481 "http://localhost:3001/eng" "Mozilla/5.0 (Windows NT 10.0; Win64; x64) AppleWebKit/537.36 (KHTML, like Gecko) Chrome/87.0.4280.88 Safari/537.36"
::1 - - [11/Dec/2020:09:15:45 +0000] "GET /javascripts/language.js HTTP/1.1" 200 1031 "http://localhost:3001/eng" "Mozilla/5.0 (Windows NT 10.0; Win64; x64) AppleWebKit/537.36 (KHTML, like Gecko) Chrome/87.0.4280.88 Safari/537.36"
::1 - - [11/Dec/2020:09:15:46 +0000] "GET /eng HTTP/1.1" 200 1545 "http://localhost:3001/eng" "Mozilla/5.0 (Windows NT 10.0; Win64; x64) AppleWebKit/537.36 (KHTML, like Gecko) Chrome/87.0.4280.88 Safari/537.36"
::1 - - [11/Dec/2020:09:15:46 +0000] "GET /stylesheets/style.css HTTP/1.1" 200 926 "http://localhost:3001/eng" "Mozilla/5.0 (Windows NT 10.0; Win64; x64) AppleWebKit/537.36 (KHTML, like Gecko) Chrome/87.0.4280.88 Safari/537.36"
::1 - - [11/Dec/2020:09:15:46 +0000] "GET /javascripts/email.js HTTP/1.1" 200 2009 "http://localhost:3001/eng" "Mozilla/5.0 (Windows NT 10.0; Win64; x64) AppleWebKit/537.36 (KHTML, like Gecko) Chrome/87.0.4280.88 Safari/537.36"
::1 - - [11/Dec/2020:09:15:46 +0000] "GET /javascripts/main.js HTTP/1.1" 200 481 "http://localhost:3001/eng" "Mozilla/5.0 (Windows NT 10.0; Win64; x64) AppleWebKit/537.36 (KHTML, like Gecko) Chrome/87.0.4280.88 Safari/537.36"
::1 - - [11/Dec/2020:09:15:46 +0000] "GET /javascripts/language.js HTTP/1.1" 200 1031 "http://localhost:3001/eng" "Mozilla/5.0 (Windows NT 10.0; Win64; x64) AppleWebKit/537.36 (KHTML, like Gecko) Chrome/87.0.4280.88 Safari/537.36"
::1 - - [11/Dec/2020:09:15:53 +0000] "GET /eng HTTP/1.1" 404 0 "http://localhost:3001/eng" "Mozilla/5.0 (Windows NT 10.0; Win64; x64) AppleWebKit/537.36 (KHTML, like Gecko) Chrome/87.0.4280.88 Safari/537.36"
::1 - - [11/Dec/2020:09:15:57 +0000] "GET /eng HTTP/1.1" 404 0 "http://localhost:3001/eng" "Mozilla/5.0 (Windows NT 10.0; Win64; x64) AppleWebKit/537.36 (KHTML, like Gecko) Chrome/87.0.4280.88 Safari/537.36"
::1 - - [11/Dec/2020:09:15:58 +0000] "GET /eng HTTP/1.1" 404 0 "http://localhost:3001/eng" "Mozilla/5.0 (Windows NT 10.0; Win64; x64) AppleWebKit/537.36 (KHTML, like Gecko) Chrome/87.0.4280.88 Safari/537.36"
::1 - - [11/Dec/2020:09:15:58 +0000] "GET /eng HTTP/1.1" 404 0 "http://localhost:3001/eng" "Mozilla/5.0 (Windows NT 10.0; Win64; x64) AppleWebKit/537.36 (KHTML, like Gecko) Chrome/87.0.4280.88 Safari/537.36"
::1 - - [11/Dec/2020:09:15:58 +0000] "GET /eng HTTP/1.1" 404 0 "http://localhost:3001/eng" "Mozilla/5.0 (Windows NT 10.0; Win64; x64) AppleWebKit/537.36 (KHTML, like Gecko) Chrome/87.0.4280.88 Safari/537.36"
::1 - - [11/Dec/2020:09:16:00 +0000] "GET /%E3%80%81 HTTP/1.1" 404 0 "-" "Mozilla/5.0 (Windows NT 10.0; Win64; x64) AppleWebKit/537.36 (KHTML, like Gecko) Chrome/87.0.4280.88 Safari/537.36"
::1 - - [11/Dec/2020:09:16:02 +0000] "GET / HTTP/1.1" 200 1545 "-" "Mozilla/5.0 (Windows NT 10.0; Win64; x64) AppleWebKit/537.36 (KHTML, like Gecko) Chrome/87.0.4280.88 Safari/537.36"
::1 - - [11/Dec/2020:09:16:02 +0000] "GET /stylesheets/style.css HTTP/1.1" 200 926 "http://localhost:3001/" "Mozilla/5.0 (Windows NT 10.0; Win64; x64) AppleWebKit/537.36 (KHTML, like Gecko) Chrome/87.0.4280.88 Safari/537.36"
::1 - - [11/Dec/2020:09:16:02 +0000] "GET /javascripts/email.js HTTP/1.1" 200 2009 "http://localhost:3001/" "Mozilla/5.0 (Windows NT 10.0; Win64; x64) AppleWebKit/537.36 (KHTML, like Gecko) Chrome/87.0.4280.88 Safari/537.36"
::1 - - [11/Dec/2020:09:16:02 +0000] "GET /javascripts/language.js HTTP/1.1" 200 1069 "http://localhost:3001/" "Mozilla/5.0 (Windows NT 10.0; Win64; x64) AppleWebKit/537.36 (KHTML, like Gecko) Chrome/87.0.4280.88 Safari/537.36"
::1 - - [11/Dec/2020:09:16:02 +0000] "GET /javascripts/main.js HTTP/1.1" 200 481 "http://localhost:3001/" "Mozilla/5.0 (Windows NT 10.0; Win64; x64) AppleWebKit/537.36 (KHTML, like Gecko) Chrome/87.0.4280.88 Safari/537.36"
::1 - - [11/Dec/2020:09:16:05 +0000] "GET / HTTP/1.1" 200 1545 "http://localhost:3001/" "Mozilla/5.0 (Windows NT 10.0; Win64; x64) AppleWebKit/537.36 (KHTML, like Gecko) Chrome/87.0.4280.88 Safari/537.36"
::1 - - [11/Dec/2020:09:16:05 +0000] "GET /javascripts/email.js HTTP/1.1" 200 2009 "http://localhost:3001/" "Mozilla/5.0 (Windows NT 10.0; Win64; x64) AppleWebKit/537.36 (KHTML, like Gecko) Chrome/87.0.4280.88 Safari/537.36"
::1 - - [11/Dec/2020:09:16:05 +0000] "GET /stylesheets/style.css HTTP/1.1" 200 926 "http://localhost:3001/" "Mozilla/5.0 (Windows NT 10.0; Win64; x64) AppleWebKit/537.36 (KHTML, like Gecko) Chrome/87.0.4280.88 Safari/537.36"
::1 - - [11/Dec/2020:09:16:05 +0000] "GET /javascripts/main.js HTTP/1.1" 200 481 "http://localhost:3001/" "Mozilla/5.0 (Windows NT 10.0; Win64; x64) AppleWebKit/537.36 (KHTML, like Gecko) Chrome/87.0.4280.88 Safari/537.36"
::1 - - [11/Dec/2020:09:16:05 +0000] "GET /javascripts/language.js HTTP/1.1" 200 1069 "http://localhost:3001/" "Mozilla/5.0 (Windows NT 10.0; Win64; x64) AppleWebKit/537.36 (KHTML, like Gecko) Chrome/87.0.4280.88 Safari/537.36"
::1 - - [11/Dec/2020:09:16:17 +0000] "GET / HTTP/1.1" 200 1545 "http://localhost:3001/" "Mozilla/5.0 (Windows NT 10.0; Win64; x64) AppleWebKit/537.36 (KHTML, like Gecko) Chrome/87.0.4280.88 Safari/537.36"
::1 - - [11/Dec/2020:09:16:17 +0000] "GET /stylesheets/style.css HTTP/1.1" 200 926 "http://localhost:3001/" "Mozilla/5.0 (Windows NT 10.0; Win64; x64) AppleWebKit/537.36 (KHTML, like Gecko) Chrome/87.0.4280.88 Safari/537.36"
::1 - - [11/Dec/2020:09:16:17 +0000] "GET /javascripts/email.js HTTP/1.1" 200 2009 "http://localhost:3001/" "Mozilla/5.0 (Windows NT 10.0; Win64; x64) AppleWebKit/537.36 (KHTML, like Gecko) Chrome/87.0.4280.88 Safari/537.36"
::1 - - [11/Dec/2020:09:16:17 +0000] "GET /javascripts/main.js HTTP/1.1" 200 481 "http://localhost:3001/" "Mozilla/5.0 (Windows NT 10.0; Win64; x64) AppleWebKit/537.36 (KHTML, like Gecko) Chrome/87.0.4280.88 Safari/537.36"
::1 - - [11/Dec/2020:09:16:17 +0000] "GET /javascripts/language.js HTTP/1.1" 200 1069 "http://localhost:3001/" "Mozilla/5.0 (Windows NT 10.0; Win64; x64) AppleWebKit/537.36 (KHTML, like Gecko) Chrome/87.0.4280.88 Safari/537.36"
::1 - - [11/Dec/2020:09:16:20 +0000] "GET / HTTP/1.1" 200 1545 "http://localhost:3001/" "Mozilla/5.0 (Windows NT 10.0; Win64; x64) AppleWebKit/537.36 (KHTML, like Gecko) Chrome/87.0.4280.88 Safari/537.36"
::1 - - [11/Dec/2020:09:16:20 +0000] "GET /stylesheets/style.css HTTP/1.1" 200 926 "http://localhost:3001/" "Mozilla/5.0 (Windows NT 10.0; Win64; x64) AppleWebKit/537.36 (KHTML, like Gecko) Chrome/87.0.4280.88 Safari/537.36"
::1 - - [11/Dec/2020:09:16:20 +0000] "GET /javascripts/email.js HTTP/1.1" 200 2009 "http://localhost:3001/" "Mozilla/5.0 (Windows NT 10.0; Win64; x64) AppleWebKit/537.36 (KHTML, like Gecko) Chrome/87.0.4280.88 Safari/537.36"
::1 - - [11/Dec/2020:09:16:20 +0000] "GET /javascripts/main.js HTTP/1.1" 200 481 "http://localhost:3001/" "Mozilla/5.0 (Windows NT 10.0; Win64; x64) AppleWebKit/537.36 (KHTML, like Gecko) Chrome/87.0.4280.88 Safari/537.36"
::1 - - [11/Dec/2020:09:16:20 +0000] "GET /javascripts/language.js HTTP/1.1" 200 1069 "http://localhost:3001/" "Mozilla/5.0 (Windows NT 10.0; Win64; x64) AppleWebKit/537.36 (KHTML, like Gecko) Chrome/87.0.4280.88 Safari/537.36"
::1 - - [11/Dec/2020:09:16:35 +0000] "GET / HTTP/1.1" 200 1545 "http://localhost:3001/" "Mozilla/5.0 (Windows NT 10.0; Win64; x64) AppleWebKit/537.36 (KHTML, like Gecko) Chrome/87.0.4280.88 Safari/537.36"
::1 - - [11/Dec/2020:09:16:35 +0000] "GET /stylesheets/style.css HTTP/1.1" 200 926 "http://localhost:3001/" "Mozilla/5.0 (Windows NT 10.0; Win64; x64) AppleWebKit/537.36 (KHTML, like Gecko) Chrome/87.0.4280.88 Safari/537.36"
::1 - - [11/Dec/2020:09:16:35 +0000] "GET /javascripts/email.js HTTP/1.1" 200 2009 "http://localhost:3001/" "Mozilla/5.0 (Windows NT 10.0; Win64; x64) AppleWebKit/537.36 (KHTML, like Gecko) Chrome/87.0.4280.88 Safari/537.36"
::1 - - [11/Dec/2020:09:16:35 +0000] "GET /javascripts/main.js HTTP/1.1" 200 481 "http://localhost:3001/" "Mozilla/5.0 (Windows NT 10.0; Win64; x64) AppleWebKit/537.36 (KHTML, like Gecko) Chrome/87.0.4280.88 Safari/537.36"
::1 - - [11/Dec/2020:09:16:35 +0000] "GET /javascripts/language.js HTTP/1.1" 200 1069 "http://localhost:3001/" "Mozilla/5.0 (Windows NT 10.0; Win64; x64) AppleWebKit/537.36 (KHTML, like Gecko) Chrome/87.0.4280.88 Safari/537.36"
::1 - - [11/Dec/2020:09:16:37 +0000] "GET / HTTP/1.1" 200 1545 "http://localhost:3001/" "Mozilla/5.0 (Windows NT 10.0; Win64; x64) AppleWebKit/537.36 (KHTML, like Gecko) Chrome/87.0.4280.88 Safari/537.36"
::1 - - [11/Dec/2020:09:16:37 +0000] "GET /stylesheets/style.css HTTP/1.1" 200 926 "http://localhost:3001/" "Mozilla/5.0 (Windows NT 10.0; Win64; x64) AppleWebKit/537.36 (KHTML, like Gecko) Chrome/87.0.4280.88 Safari/537.36"
::1 - - [11/Dec/2020:09:16:37 +0000] "GET /javascripts/email.js HTTP/1.1" 200 2009 "http://localhost:3001/" "Mozilla/5.0 (Windows NT 10.0; Win64; x64) AppleWebKit/537.36 (KHTML, like Gecko) Chrome/87.0.4280.88 Safari/537.36"
::1 - - [11/Dec/2020:09:16:37 +0000] "GET /javascripts/main.js HTTP/1.1" 200 481 "http://localhost:3001/" "Mozilla/5.0 (Windows NT 10.0; Win64; x64) AppleWebKit/537.36 (KHTML, like Gecko) Chrome/87.0.4280.88 Safari/537.36"
::1 - - [11/Dec/2020:09:16:37 +0000] "GET /javascripts/language.js HTTP/1.1" 200 1069 "http://localhost:3001/" "Mozilla/5.0 (Windows NT 10.0; Win64; x64) AppleWebKit/537.36 (KHTML, like Gecko) Chrome/87.0.4280.88 Safari/537.36"
::1 - - [11/Dec/2020:09:16:39 +0000] "GET / HTTP/1.1" 200 1545 "http://localhost:3001/" "Mozilla/5.0 (Windows NT 10.0; Win64; x64) AppleWebKit/537.36 (KHTML, like Gecko) Chrome/87.0.4280.88 Safari/537.36"
::1 - - [11/Dec/2020:09:16:39 +0000] "GET /stylesheets/style.css HTTP/1.1" 200 926 "http://localhost:3001/" "Mozilla/5.0 (Windows NT 10.0; Win64; x64) AppleWebKit/537.36 (KHTML, like Gecko) Chrome/87.0.4280.88 Safari/537.36"
::1 - - [11/Dec/2020:09:16:39 +0000] "GET /javascripts/email.js HTTP/1.1" 200 2009 "http://localhost:3001/" "Mozilla/5.0 (Windows NT 10.0; Win64; x64) AppleWebKit/537.36 (KHTML, like Gecko) Chrome/87.0.4280.88 Safari/537.36"
::1 - - [11/Dec/2020:09:16:39 +0000] "GET /javascripts/main.js HTTP/1.1" 200 481 "http://localhost:3001/" "Mozilla/5.0 (Windows NT 10.0; Win64; x64) AppleWebKit/537.36 (KHTML, like Gecko) Chrome/87.0.4280.88 Safari/537.36"
::1 - - [11/Dec/2020:09:16:39 +0000] "GET /javascripts/language.js HTTP/1.1" 200 1069 "http://localhost:3001/" "Mozilla/5.0 (Windows NT 10.0; Win64; x64) AppleWebKit/537.36 (KHTML, like Gecko) Chrome/87.0.4280.88 Safari/537.36"
::1 - - [11/Dec/2020:09:17:03 +0000] "GET / HTTP/1.1" 200 1545 "http://localhost:3001/" "Mozilla/5.0 (Windows NT 10.0; Win64; x64) AppleWebKit/537.36 (KHTML, like Gecko) Chrome/87.0.4280.88 Safari/537.36"
::1 - - [11/Dec/2020:09:17:03 +0000] "GET /stylesheets/style.css HTTP/1.1" 200 926 "http://localhost:3001/" "Mozilla/5.0 (Windows NT 10.0; Win64; x64) AppleWebKit/537.36 (KHTML, like Gecko) Chrome/87.0.4280.88 Safari/537.36"
::1 - - [11/Dec/2020:09:17:03 +0000] "GET /javascripts/email.js HTTP/1.1" 200 2009 "http://localhost:3001/" "Mozilla/5.0 (Windows NT 10.0; Win64; x64) AppleWebKit/537.36 (KHTML, like Gecko) Chrome/87.0.4280.88 Safari/537.36"
::1 - - [11/Dec/2020:09:17:03 +0000] "GET /javascripts/main.js HTTP/1.1" 200 481 "http://localhost:3001/" "Mozilla/5.0 (Windows NT 10.0; Win64; x64) AppleWebKit/537.36 (KHTML, like Gecko) Chrome/87.0.4280.88 Safari/537.36"
::1 - - [11/Dec/2020:09:17:03 +0000] "GET /javascripts/language.js HTTP/1.1" 200 1081 "http://localhost:3001/" "Mozilla/5.0 (Windows NT 10.0; Win64; x64) AppleWebKit/537.36 (KHTML, like Gecko) Chrome/87.0.4280.88 Safari/537.36"
::1 - - [11/Dec/2020:09:17:15 +0000] "GET / HTTP/1.1" 200 1545 "http://localhost:3001/" "Mozilla/5.0 (Windows NT 10.0; Win64; x64) AppleWebKit/537.36 (KHTML, like Gecko) Chrome/87.0.4280.88 Safari/537.36"
::1 - - [11/Dec/2020:09:17:15 +0000] "GET /stylesheets/style.css HTTP/1.1" 200 926 "http://localhost:3001/" "Mozilla/5.0 (Windows NT 10.0; Win64; x64) AppleWebKit/537.36 (KHTML, like Gecko) Chrome/87.0.4280.88 Safari/537.36"
::1 - - [11/Dec/2020:09:17:15 +0000] "GET /javascripts/email.js HTTP/1.1" 200 2009 "http://localhost:3001/" "Mozilla/5.0 (Windows NT 10.0; Win64; x64) AppleWebKit/537.36 (KHTML, like Gecko) Chrome/87.0.4280.88 Safari/537.36"
::1 - - [11/Dec/2020:09:17:15 +0000] "GET /javascripts/language.js HTTP/1.1" 200 1081 "http://localhost:3001/" "Mozilla/5.0 (Windows NT 10.0; Win64; x64) AppleWebKit/537.36 (KHTML, like Gecko) Chrome/87.0.4280.88 Safari/537.36"
::1 - - [11/Dec/2020:09:17:15 +0000] "GET /javascripts/main.js HTTP/1.1" 200 481 "http://localhost:3001/" "Mozilla/5.0 (Windows NT 10.0; Win64; x64) AppleWebKit/537.36 (KHTML, like Gecko) Chrome/87.0.4280.88 Safari/537.36"
::1 - - [11/Dec/2020:09:17:17 +0000] "GET / HTTP/1.1" 200 1545 "http://localhost:3001/" "Mozilla/5.0 (Windows NT 10.0; Win64; x64) AppleWebKit/537.36 (KHTML, like Gecko) Chrome/87.0.4280.88 Safari/537.36"
::1 - - [11/Dec/2020:09:17:17 +0000] "GET /stylesheets/style.css HTTP/1.1" 200 926 "http://localhost:3001/" "Mozilla/5.0 (Windows NT 10.0; Win64; x64) AppleWebKit/537.36 (KHTML, like Gecko) Chrome/87.0.4280.88 Safari/537.36"
::1 - - [11/Dec/2020:09:17:17 +0000] "GET /javascripts/email.js HTTP/1.1" 200 2009 "http://localhost:3001/" "Mozilla/5.0 (Windows NT 10.0; Win64; x64) AppleWebKit/537.36 (KHTML, like Gecko) Chrome/87.0.4280.88 Safari/537.36"
::1 - - [11/Dec/2020:09:17:17 +0000] "GET /javascripts/language.js HTTP/1.1" 200 1081 "http://localhost:3001/" "Mozilla/5.0 (Windows NT 10.0; Win64; x64) AppleWebKit/537.36 (KHTML, like Gecko) Chrome/87.0.4280.88 Safari/537.36"
::1 - - [11/Dec/2020:09:17:17 +0000] "GET /javascripts/main.js HTTP/1.1" 200 481 "http://localhost:3001/" "Mozilla/5.0 (Windows NT 10.0; Win64; x64) AppleWebKit/537.36 (KHTML, like Gecko) Chrome/87.0.4280.88 Safari/537.36"
::1 - - [11/Dec/2020:09:17:22 +0000] "GET / HTTP/1.1" 200 1545 "http://localhost:3001/" "Mozilla/5.0 (Windows NT 10.0; Win64; x64) AppleWebKit/537.36 (KHTML, like Gecko) Chrome/87.0.4280.88 Safari/537.36"
::1 - - [11/Dec/2020:09:17:22 +0000] "GET /stylesheets/style.css HTTP/1.1" 200 926 "http://localhost:3001/" "Mozilla/5.0 (Windows NT 10.0; Win64; x64) AppleWebKit/537.36 (KHTML, like Gecko) Chrome/87.0.4280.88 Safari/537.36"
::1 - - [11/Dec/2020:09:17:22 +0000] "GET /javascripts/email.js HTTP/1.1" 200 2009 "http://localhost:3001/" "Mozilla/5.0 (Windows NT 10.0; Win64; x64) AppleWebKit/537.36 (KHTML, like Gecko) Chrome/87.0.4280.88 Safari/537.36"
::1 - - [11/Dec/2020:09:17:22 +0000] "GET /javascripts/main.js HTTP/1.1" 200 481 "http://localhost:3001/" "Mozilla/5.0 (Windows NT 10.0; Win64; x64) AppleWebKit/537.36 (KHTML, like Gecko) Chrome/87.0.4280.88 Safari/537.36"
::1 - - [11/Dec/2020:09:17:22 +0000] "GET /javascripts/language.js HTTP/1.1" 200 1067 "http://localhost:3001/" "Mozilla/5.0 (Windows NT 10.0; Win64; x64) AppleWebKit/537.36 (KHTML, like Gecko) Chrome/87.0.4280.88 Safari/537.36"
::1 - - [11/Dec/2020:09:17:24 +0000] "GET / HTTP/1.1" 200 1545 "http://localhost:3001/" "Mozilla/5.0 (Windows NT 10.0; Win64; x64) AppleWebKit/537.36 (KHTML, like Gecko) Chrome/87.0.4280.88 Safari/537.36"
::1 - - [11/Dec/2020:09:17:24 +0000] "GET /stylesheets/style.css HTTP/1.1" 200 926 "http://localhost:3001/" "Mozilla/5.0 (Windows NT 10.0; Win64; x64) AppleWebKit/537.36 (KHTML, like Gecko) Chrome/87.0.4280.88 Safari/537.36"
::1 - - [11/Dec/2020:09:17:24 +0000] "GET /javascripts/email.js HTTP/1.1" 200 2009 "http://localhost:3001/" "Mozilla/5.0 (Windows NT 10.0; Win64; x64) AppleWebKit/537.36 (KHTML, like Gecko) Chrome/87.0.4280.88 Safari/537.36"
::1 - - [11/Dec/2020:09:17:24 +0000] "GET /javascripts/main.js HTTP/1.1" 200 481 "http://localhost:3001/" "Mozilla/5.0 (Windows NT 10.0; Win64; x64) AppleWebKit/537.36 (KHTML, like Gecko) Chrome/87.0.4280.88 Safari/537.36"
::1 - - [11/Dec/2020:09:17:24 +0000] "GET /javascripts/language.js HTTP/1.1" 200 1067 "http://localhost:3001/" "Mozilla/5.0 (Windows NT 10.0; Win64; x64) AppleWebKit/537.36 (KHTML, like Gecko) Chrome/87.0.4280.88 Safari/537.36"
::1 - - [11/Dec/2020:09:28:32 +0000] "GET / HTTP/1.1" 200 1545 "http://localhost:3001/" "Mozilla/5.0 (Windows NT 10.0; Win64; x64) AppleWebKit/537.36 (KHTML, like Gecko) Chrome/87.0.4280.88 Safari/537.36"
::1 - - [11/Dec/2020:09:28:32 +0000] "GET /stylesheets/style.css HTTP/1.1" 200 926 "http://localhost:3001/" "Mozilla/5.0 (Windows NT 10.0; Win64; x64) AppleWebKit/537.36 (KHTML, like Gecko) Chrome/87.0.4280.88 Safari/537.36"
::1 - - [11/Dec/2020:09:28:32 +0000] "GET /javascripts/email.js HTTP/1.1" 200 2009 "http://localhost:3001/" "Mozilla/5.0 (Windows NT 10.0; Win64; x64) AppleWebKit/537.36 (KHTML, like Gecko) Chrome/87.0.4280.88 Safari/537.36"
::1 - - [11/Dec/2020:09:28:32 +0000] "GET /javascripts/main.js HTTP/1.1" 200 481 "http://localhost:3001/" "Mozilla/5.0 (Windows NT 10.0; Win64; x64) AppleWebKit/537.36 (KHTML, like Gecko) Chrome/87.0.4280.88 Safari/537.36"
::1 - - [11/Dec/2020:09:28:32 +0000] "GET /javascripts/language.js HTTP/1.1" 200 1067 "http://localhost:3001/" "Mozilla/5.0 (Windows NT 10.0; Win64; x64) AppleWebKit/537.36 (KHTML, like Gecko) Chrome/87.0.4280.88 Safari/537.36"
::1 - - [11/Dec/2020:09:31:12 +0000] "GET / HTTP/1.1" 200 1545 "http://localhost:3001/" "Mozilla/5.0 (Windows NT 10.0; Win64; x64) AppleWebKit/537.36 (KHTML, like Gecko) Chrome/87.0.4280.88 Safari/537.36"
::1 - - [11/Dec/2020:09:31:12 +0000] "GET /stylesheets/style.css HTTP/1.1" 200 926 "http://localhost:3001/" "Mozilla/5.0 (Windows NT 10.0; Win64; x64) AppleWebKit/537.36 (KHTML, like Gecko) Chrome/87.0.4280.88 Safari/537.36"
::1 - - [11/Dec/2020:09:31:12 +0000] "GET /javascripts/email.js HTTP/1.1" 200 2009 "http://localhost:3001/" "Mozilla/5.0 (Windows NT 10.0; Win64; x64) AppleWebKit/537.36 (KHTML, like Gecko) Chrome/87.0.4280.88 Safari/537.36"
::1 - - [11/Dec/2020:09:31:12 +0000] "GET /javascripts/main.js HTTP/1.1" 200 481 "http://localhost:3001/" "Mozilla/5.0 (Windows NT 10.0; Win64; x64) AppleWebKit/537.36 (KHTML, like Gecko) Chrome/87.0.4280.88 Safari/537.36"
::1 - - [11/Dec/2020:09:31:12 +0000] "GET /javascripts/language.js HTTP/1.1" 200 1067 "http://localhost:3001/" "Mozilla/5.0 (Windows NT 10.0; Win64; x64) AppleWebKit/537.36 (KHTML, like Gecko) Chrome/87.0.4280.88 Safari/537.36"
::1 - - [11/Dec/2020:09:31:15 +0000] "GET /chinese HTTP/1.1" 200 1545 "http://localhost:3001/" "Mozilla/5.0 (Windows NT 10.0; Win64; x64) AppleWebKit/537.36 (KHTML, like Gecko) Chrome/87.0.4280.88 Safari/537.36"
::1 - - [11/Dec/2020:09:31:15 +0000] "GET /stylesheets/style.css HTTP/1.1" 200 926 "http://localhost:3001/chinese" "Mozilla/5.0 (Windows NT 10.0; Win64; x64) AppleWebKit/537.36 (KHTML, like Gecko) Chrome/87.0.4280.88 Safari/537.36"
::1 - - [11/Dec/2020:09:31:15 +0000] "GET /javascripts/main.js HTTP/1.1" 200 481 "http://localhost:3001/chinese" "Mozilla/5.0 (Windows NT 10.0; Win64; x64) AppleWebKit/537.36 (KHTML, like Gecko) Chrome/87.0.4280.88 Safari/537.36"
::1 - - [11/Dec/2020:09:31:15 +0000] "GET /javascripts/email.js HTTP/1.1" 200 2009 "http://localhost:3001/chinese" "Mozilla/5.0 (Windows NT 10.0; Win64; x64) AppleWebKit/537.36 (KHTML, like Gecko) Chrome/87.0.4280.88 Safari/537.36"
::1 - - [11/Dec/2020:09:31:15 +0000] "GET /javascripts/language.js HTTP/1.1" 200 1067 "http://localhost:3001/chinese" "Mozilla/5.0 (Windows NT 10.0; Win64; x64) AppleWebKit/537.36 (KHTML, like Gecko) Chrome/87.0.4280.88 Safari/537.36"
::1 - - [11/Dec/2020:09:31:21 +0000] "GET /chinese HTTP/1.1" 200 1545 "http://localhost:3001/" "Mozilla/5.0 (Windows NT 10.0; Win64; x64) AppleWebKit/537.36 (KHTML, like Gecko) Chrome/87.0.4280.88 Safari/537.36"
::1 - - [11/Dec/2020:09:31:21 +0000] "GET /stylesheets/style.css HTTP/1.1" 200 926 "http://localhost:3001/chinese" "Mozilla/5.0 (Windows NT 10.0; Win64; x64) AppleWebKit/537.36 (KHTML, like Gecko) Chrome/87.0.4280.88 Safari/537.36"
::1 - - [11/Dec/2020:09:31:21 +0000] "GET /javascripts/email.js HTTP/1.1" 200 2009 "http://localhost:3001/chinese" "Mozilla/5.0 (Windows NT 10.0; Win64; x64) AppleWebKit/537.36 (KHTML, like Gecko) Chrome/87.0.4280.88 Safari/537.36"
::1 - - [11/Dec/2020:09:31:21 +0000] "GET /javascripts/main.js HTTP/1.1" 200 481 "http://localhost:3001/chinese" "Mozilla/5.0 (Windows NT 10.0; Win64; x64) AppleWebKit/537.36 (KHTML, like Gecko) Chrome/87.0.4280.88 Safari/537.36"
::1 - - [11/Dec/2020:09:31:21 +0000] "GET /javascripts/language.js HTTP/1.1" 200 1067 "http://localhost:3001/chinese" "Mozilla/5.0 (Windows NT 10.0; Win64; x64) AppleWebKit/537.36 (KHTML, like Gecko) Chrome/87.0.4280.88 Safari/537.36"
::1 - - [11/Dec/2020:09:31:26 +0000] "GET /chinese HTTP/1.1" 200 1545 "http://localhost:3001/" "Mozilla/5.0 (Windows NT 10.0; Win64; x64) AppleWebKit/537.36 (KHTML, like Gecko) Chrome/87.0.4280.88 Safari/537.36"
::1 - - [11/Dec/2020:09:31:26 +0000] "GET /stylesheets/style.css HTTP/1.1" 200 926 "http://localhost:3001/chinese" "Mozilla/5.0 (Windows NT 10.0; Win64; x64) AppleWebKit/537.36 (KHTML, like Gecko) Chrome/87.0.4280.88 Safari/537.36"
::1 - - [11/Dec/2020:09:31:26 +0000] "GET /javascripts/email.js HTTP/1.1" 200 2009 "http://localhost:3001/chinese" "Mozilla/5.0 (Windows NT 10.0; Win64; x64) AppleWebKit/537.36 (KHTML, like Gecko) Chrome/87.0.4280.88 Safari/537.36"
::1 - - [11/Dec/2020:09:31:26 +0000] "GET /javascripts/main.js HTTP/1.1" 200 481 "http://localhost:3001/chinese" "Mozilla/5.0 (Windows NT 10.0; Win64; x64) AppleWebKit/537.36 (KHTML, like Gecko) Chrome/87.0.4280.88 Safari/537.36"
::1 - - [11/Dec/2020:09:31:26 +0000] "GET /javascripts/language.js HTTP/1.1" 200 1067 "http://localhost:3001/chinese" "Mozilla/5.0 (Windows NT 10.0; Win64; x64) AppleWebKit/537.36 (KHTML, like Gecko) Chrome/87.0.4280.88 Safari/537.36"
::1 - - [11/Dec/2020:09:31:27 +0000] "GET /chinese HTTP/1.1" 200 1545 "http://localhost:3001/chinese" "Mozilla/5.0 (Windows NT 10.0; Win64; x64) AppleWebKit/537.36 (KHTML, like Gecko) Chrome/87.0.4280.88 Safari/537.36"
::1 - - [11/Dec/2020:09:31:27 +0000] "GET /stylesheets/style.css HTTP/1.1" 200 926 "http://localhost:3001/chinese" "Mozilla/5.0 (Windows NT 10.0; Win64; x64) AppleWebKit/537.36 (KHTML, like Gecko) Chrome/87.0.4280.88 Safari/537.36"
::1 - - [11/Dec/2020:09:31:27 +0000] "GET /javascripts/email.js HTTP/1.1" 200 2009 "http://localhost:3001/chinese" "Mozilla/5.0 (Windows NT 10.0; Win64; x64) AppleWebKit/537.36 (KHTML, like Gecko) Chrome/87.0.4280.88 Safari/537.36"
::1 - - [11/Dec/2020:09:31:27 +0000] "GET /javascripts/main.js HTTP/1.1" 200 481 "http://localhost:3001/chinese" "Mozilla/5.0 (Windows NT 10.0; Win64; x64) AppleWebKit/537.36 (KHTML, like Gecko) Chrome/87.0.4280.88 Safari/537.36"
::1 - - [11/Dec/2020:09:31:27 +0000] "GET /javascripts/language.js HTTP/1.1" 200 1067 "http://localhost:3001/chinese" "Mozilla/5.0 (Windows NT 10.0; Win64; x64) AppleWebKit/537.36 (KHTML, like Gecko) Chrome/87.0.4280.88 Safari/537.36"
::1 - - [11/Dec/2020:09:31:52 +0000] "GET /chinese HTTP/1.1" 200 1545 "http://localhost:3001/chinese" "Mozilla/5.0 (Windows NT 10.0; Win64; x64) AppleWebKit/537.36 (KHTML, like Gecko) Chrome/87.0.4280.88 Safari/537.36"
::1 - - [11/Dec/2020:09:31:52 +0000] "GET /stylesheets/style.css HTTP/1.1" 200 926 "http://localhost:3001/chinese" "Mozilla/5.0 (Windows NT 10.0; Win64; x64) AppleWebKit/537.36 (KHTML, like Gecko) Chrome/87.0.4280.88 Safari/537.36"
::1 - - [11/Dec/2020:09:31:52 +0000] "GET /javascripts/email.js HTTP/1.1" 200 2009 "http://localhost:3001/chinese" "Mozilla/5.0 (Windows NT 10.0; Win64; x64) AppleWebKit/537.36 (KHTML, like Gecko) Chrome/87.0.4280.88 Safari/537.36"
::1 - - [11/Dec/2020:09:31:52 +0000] "GET /javascripts/main.js HTTP/1.1" 200 481 "http://localhost:3001/chinese" "Mozilla/5.0 (Windows NT 10.0; Win64; x64) AppleWebKit/537.36 (KHTML, like Gecko) Chrome/87.0.4280.88 Safari/537.36"
::1 - - [11/Dec/2020:09:31:52 +0000] "GET /javascripts/language.js HTTP/1.1" 200 1067 "http://localhost:3001/chinese" "Mozilla/5.0 (Windows NT 10.0; Win64; x64) AppleWebKit/537.36 (KHTML, like Gecko) Chrome/87.0.4280.88 Safari/537.36"
::1 - - [11/Dec/2020:09:31:55 +0000] "GET /chinese HTTP/1.1" 200 1545 "http://localhost:3001/chinese" "Mozilla/5.0 (Windows NT 10.0; Win64; x64) AppleWebKit/537.36 (KHTML, like Gecko) Chrome/87.0.4280.88 Safari/537.36"
::1 - - [11/Dec/2020:09:31:55 +0000] "GET /javascripts/email.js HTTP/1.1" 200 2009 "http://localhost:3001/chinese" "Mozilla/5.0 (Windows NT 10.0; Win64; x64) AppleWebKit/537.36 (KHTML, like Gecko) Chrome/87.0.4280.88 Safari/537.36"
::1 - - [11/Dec/2020:09:31:55 +0000] "GET /stylesheets/style.css HTTP/1.1" 200 926 "http://localhost:3001/chinese" "Mozilla/5.0 (Windows NT 10.0; Win64; x64) AppleWebKit/537.36 (KHTML, like Gecko) Chrome/87.0.4280.88 Safari/537.36"
::1 - - [11/Dec/2020:09:31:55 +0000] "GET /javascripts/main.js HTTP/1.1" 200 481 "http://localhost:3001/chinese" "Mozilla/5.0 (Windows NT 10.0; Win64; x64) AppleWebKit/537.36 (KHTML, like Gecko) Chrome/87.0.4280.88 Safari/537.36"
::1 - - [11/Dec/2020:09:31:55 +0000] "GET /javascripts/language.js HTTP/1.1" 200 1067 "http://localhost:3001/chinese" "Mozilla/5.0 (Windows NT 10.0; Win64; x64) AppleWebKit/537.36 (KHTML, like Gecko) Chrome/87.0.4280.88 Safari/537.36"
::1 - - [11/Dec/2020:09:31:56 +0000] "GET /chinese HTTP/1.1" 200 1545 "http://localhost:3001/chinese" "Mozilla/5.0 (Windows NT 10.0; Win64; x64) AppleWebKit/537.36 (KHTML, like Gecko) Chrome/87.0.4280.88 Safari/537.36"
::1 - - [11/Dec/2020:09:31:56 +0000] "GET /stylesheets/style.css HTTP/1.1" 200 926 "http://localhost:3001/chinese" "Mozilla/5.0 (Windows NT 10.0; Win64; x64) AppleWebKit/537.36 (KHTML, like Gecko) Chrome/87.0.4280.88 Safari/537.36"
::1 - - [11/Dec/2020:09:31:56 +0000] "GET /javascripts/email.js HTTP/1.1" 200 2009 "http://localhost:3001/chinese" "Mozilla/5.0 (Windows NT 10.0; Win64; x64) AppleWebKit/537.36 (KHTML, like Gecko) Chrome/87.0.4280.88 Safari/537.36"
::1 - - [11/Dec/2020:09:31:56 +0000] "GET /javascripts/main.js HTTP/1.1" 200 481 "http://localhost:3001/chinese" "Mozilla/5.0 (Windows NT 10.0; Win64; x64) AppleWebKit/537.36 (KHTML, like Gecko) Chrome/87.0.4280.88 Safari/537.36"
::1 - - [11/Dec/2020:09:31:56 +0000] "GET /javascripts/language.js HTTP/1.1" 200 1067 "http://localhost:3001/chinese" "Mozilla/5.0 (Windows NT 10.0; Win64; x64) AppleWebKit/537.36 (KHTML, like Gecko) Chrome/87.0.4280.88 Safari/537.36"
::1 - - [11/Dec/2020:09:31:58 +0000] "GET / HTTP/1.1" 200 1545 "http://localhost:3001/chinese" "Mozilla/5.0 (Windows NT 10.0; Win64; x64) AppleWebKit/537.36 (KHTML, like Gecko) Chrome/87.0.4280.88 Safari/537.36"
::1 - - [11/Dec/2020:09:31:58 +0000] "GET /stylesheets/style.css HTTP/1.1" 200 926 "http://localhost:3001/" "Mozilla/5.0 (Windows NT 10.0; Win64; x64) AppleWebKit/537.36 (KHTML, like Gecko) Chrome/87.0.4280.88 Safari/537.36"
::1 - - [11/Dec/2020:09:31:58 +0000] "GET /javascripts/email.js HTTP/1.1" 200 2009 "http://localhost:3001/" "Mozilla/5.0 (Windows NT 10.0; Win64; x64) AppleWebKit/537.36 (KHTML, like Gecko) Chrome/87.0.4280.88 Safari/537.36"
::1 - - [11/Dec/2020:09:31:58 +0000] "GET /javascripts/main.js HTTP/1.1" 200 481 "http://localhost:3001/" "Mozilla/5.0 (Windows NT 10.0; Win64; x64) AppleWebKit/537.36 (KHTML, like Gecko) Chrome/87.0.4280.88 Safari/537.36"
::1 - - [11/Dec/2020:09:31:58 +0000] "GET /javascripts/language.js HTTP/1.1" 200 1067 "http://localhost:3001/" "Mozilla/5.0 (Windows NT 10.0; Win64; x64) AppleWebKit/537.36 (KHTML, like Gecko) Chrome/87.0.4280.88 Safari/537.36"
::1 - - [11/Dec/2020:09:32:00 +0000] "GET /chinese HTTP/1.1" 200 1545 "http://localhost:3001/" "Mozilla/5.0 (Windows NT 10.0; Win64; x64) AppleWebKit/537.36 (KHTML, like Gecko) Chrome/87.0.4280.88 Safari/537.36"
::1 - - [11/Dec/2020:09:32:00 +0000] "GET /stylesheets/style.css HTTP/1.1" 200 926 "http://localhost:3001/chinese" "Mozilla/5.0 (Windows NT 10.0; Win64; x64) AppleWebKit/537.36 (KHTML, like Gecko) Chrome/87.0.4280.88 Safari/537.36"
::1 - - [11/Dec/2020:09:32:00 +0000] "GET /javascripts/main.js HTTP/1.1" 200 481 "http://localhost:3001/chinese" "Mozilla/5.0 (Windows NT 10.0; Win64; x64) AppleWebKit/537.36 (KHTML, like Gecko) Chrome/87.0.4280.88 Safari/537.36"
::1 - - [11/Dec/2020:09:32:00 +0000] "GET /javascripts/email.js HTTP/1.1" 200 2009 "http://localhost:3001/chinese" "Mozilla/5.0 (Windows NT 10.0; Win64; x64) AppleWebKit/537.36 (KHTML, like Gecko) Chrome/87.0.4280.88 Safari/537.36"
::1 - - [11/Dec/2020:09:32:00 +0000] "GET /javascripts/language.js HTTP/1.1" 200 1067 "http://localhost:3001/chinese" "Mozilla/5.0 (Windows NT 10.0; Win64; x64) AppleWebKit/537.36 (KHTML, like Gecko) Chrome/87.0.4280.88 Safari/537.36"
::1 - - [11/Dec/2020:09:37:28 +0000] "GET /chinese HTTP/1.1" 200 1546 "http://localhost:3001/" "Mozilla/5.0 (Windows NT 10.0; Win64; x64) AppleWebKit/537.36 (KHTML, like Gecko) Chrome/87.0.4280.88 Safari/537.36"
::1 - - [11/Dec/2020:09:37:28 +0000] "GET /stylesheets/style.css HTTP/1.1" 200 926 "http://localhost:3001/chinese" "Mozilla/5.0 (Windows NT 10.0; Win64; x64) AppleWebKit/537.36 (KHTML, like Gecko) Chrome/87.0.4280.88 Safari/537.36"
::1 - - [11/Dec/2020:09:37:28 +0000] "GET /javascripts/email.js HTTP/1.1" 200 2009 "http://localhost:3001/chinese" "Mozilla/5.0 (Windows NT 10.0; Win64; x64) AppleWebKit/537.36 (KHTML, like Gecko) Chrome/87.0.4280.88 Safari/537.36"
::1 - - [11/Dec/2020:09:37:28 +0000] "GET /javascripts/main.js HTTP/1.1" 200 481 "http://localhost:3001/chinese" "Mozilla/5.0 (Windows NT 10.0; Win64; x64) AppleWebKit/537.36 (KHTML, like Gecko) Chrome/87.0.4280.88 Safari/537.36"
::1 - - [11/Dec/2020:09:37:28 +0000] "GET /javascripts/language.js HTTP/1.1" 200 1067 "http://localhost:3001/chinese" "Mozilla/5.0 (Windows NT 10.0; Win64; x64) AppleWebKit/537.36 (KHTML, like Gecko) Chrome/87.0.4280.88 Safari/537.36"
::1 - - [11/Dec/2020:09:37:30 +0000] "GET / HTTP/1.1" 200 1543 "http://localhost:3001/chinese" "Mozilla/5.0 (Windows NT 10.0; Win64; x64) AppleWebKit/537.36 (KHTML, like Gecko) Chrome/87.0.4280.88 Safari/537.36"
::1 - - [11/Dec/2020:09:37:30 +0000] "GET /stylesheets/style.css HTTP/1.1" 200 926 "http://localhost:3001/" "Mozilla/5.0 (Windows NT 10.0; Win64; x64) AppleWebKit/537.36 (KHTML, like Gecko) Chrome/87.0.4280.88 Safari/537.36"
::1 - - [11/Dec/2020:09:37:30 +0000] "GET /javascripts/email.js HTTP/1.1" 200 2009 "http://localhost:3001/" "Mozilla/5.0 (Windows NT 10.0; Win64; x64) AppleWebKit/537.36 (KHTML, like Gecko) Chrome/87.0.4280.88 Safari/537.36"
::1 - - [11/Dec/2020:09:37:30 +0000] "GET /javascripts/main.js HTTP/1.1" 200 481 "http://localhost:3001/" "Mozilla/5.0 (Windows NT 10.0; Win64; x64) AppleWebKit/537.36 (KHTML, like Gecko) Chrome/87.0.4280.88 Safari/537.36"
::1 - - [11/Dec/2020:09:37:30 +0000] "GET /javascripts/language.js HTTP/1.1" 200 1067 "http://localhost:3001/" "Mozilla/5.0 (Windows NT 10.0; Win64; x64) AppleWebKit/537.36 (KHTML, like Gecko) Chrome/87.0.4280.88 Safari/537.36"
::1 - - [11/Dec/2020:09:39:46 +0000] "GET / HTTP/1.1" 200 1543 "http://localhost:3001/chinese" "Mozilla/5.0 (Windows NT 10.0; Win64; x64) AppleWebKit/537.36 (KHTML, like Gecko) Chrome/87.0.4280.88 Safari/537.36"
::1 - - [11/Dec/2020:09:39:46 +0000] "GET /stylesheets/style.css HTTP/1.1" 200 944 "http://localhost:3001/" "Mozilla/5.0 (Windows NT 10.0; Win64; x64) AppleWebKit/537.36 (KHTML, like Gecko) Chrome/87.0.4280.88 Safari/537.36"
::1 - - [11/Dec/2020:09:39:46 +0000] "GET /javascripts/email.js HTTP/1.1" 200 2009 "http://localhost:3001/" "Mozilla/5.0 (Windows NT 10.0; Win64; x64) AppleWebKit/537.36 (KHTML, like Gecko) Chrome/87.0.4280.88 Safari/537.36"
::1 - - [11/Dec/2020:09:39:46 +0000] "GET /javascripts/main.js HTTP/1.1" 200 481 "http://localhost:3001/" "Mozilla/5.0 (Windows NT 10.0; Win64; x64) AppleWebKit/537.36 (KHTML, like Gecko) Chrome/87.0.4280.88 Safari/537.36"
::1 - - [11/Dec/2020:09:39:46 +0000] "GET /javascripts/language.js HTTP/1.1" 200 1067 "http://localhost:3001/" "Mozilla/5.0 (Windows NT 10.0; Win64; x64) AppleWebKit/537.36 (KHTML, like Gecko) Chrome/87.0.4280.88 Safari/537.36"
::1 - - [11/Dec/2020:09:41:33 +0000] "GET / HTTP/1.1" 500 3 "http://localhost:3001/chinese" "Mozilla/5.0 (Windows NT 10.0; Win64; x64) AppleWebKit/537.36 (KHTML, like Gecko) Chrome/87.0.4280.88 Safari/537.36"
::1 - - [11/Dec/2020:09:42:28 +0000] "GET / HTTP/1.1" 200 3 "http://localhost:3001/chinese" "Mozilla/5.0 (Windows NT 10.0; Win64; x64) AppleWebKit/537.36 (KHTML, like Gecko) Chrome/87.0.4280.88 Safari/537.36"
::1 - - [11/Dec/2020:09:42:30 +0000] "GET / HTTP/1.1" 200 3 "http://localhost:3001/chinese" "Mozilla/5.0 (Windows NT 10.0; Win64; x64) AppleWebKit/537.36 (KHTML, like Gecko) Chrome/87.0.4280.88 Safari/537.36"
::1 - - [11/Dec/2020:09:42:32 +0000] "GET / HTTP/1.1" 200 3 "http://localhost:3001/chinese" "Mozilla/5.0 (Windows NT 10.0; Win64; x64) AppleWebKit/537.36 (KHTML, like Gecko) Chrome/87.0.4280.88 Safari/537.36"
::1 - - [11/Dec/2020:09:42:37 +0000] "GET / HTTP/1.1" 200 3 "http://localhost:3001/chinese" "Mozilla/5.0 (Windows NT 10.0; Win64; x64) AppleWebKit/537.36 (KHTML, like Gecko) Chrome/87.0.4280.88 Safari/537.36"
::1 - - [11/Dec/2020:09:43:55 +0000] "GET / HTTP/1.1" 200 1543 "http://localhost:3001/chinese" "Mozilla/5.0 (Windows NT 10.0; Win64; x64) AppleWebKit/537.36 (KHTML, like Gecko) Chrome/87.0.4280.88 Safari/537.36"
::1 - - [11/Dec/2020:09:43:55 +0000] "GET /javascripts/email.js HTTP/1.1" 200 2009 "http://localhost:3001/" "Mozilla/5.0 (Windows NT 10.0; Win64; x64) AppleWebKit/537.36 (KHTML, like Gecko) Chrome/87.0.4280.88 Safari/537.36"
::1 - - [11/Dec/2020:09:43:55 +0000] "GET /stylesheets/style.css HTTP/1.1" 200 944 "http://localhost:3001/" "Mozilla/5.0 (Windows NT 10.0; Win64; x64) AppleWebKit/537.36 (KHTML, like Gecko) Chrome/87.0.4280.88 Safari/537.36"
::1 - - [11/Dec/2020:09:43:55 +0000] "GET /javascripts/main.js HTTP/1.1" 200 481 "http://localhost:3001/" "Mozilla/5.0 (Windows NT 10.0; Win64; x64) AppleWebKit/537.36 (KHTML, like Gecko) Chrome/87.0.4280.88 Safari/537.36"
::1 - - [11/Dec/2020:09:43:55 +0000] "GET /javascripts/language.js HTTP/1.1" 200 1067 "http://localhost:3001/" "Mozilla/5.0 (Windows NT 10.0; Win64; x64) AppleWebKit/537.36 (KHTML, like Gecko) Chrome/87.0.4280.88 Safari/537.36"
::1 - - [11/Dec/2020:09:44:08 +0000] "GET / HTTP/1.1" 200 1543 "http://localhost:3001/chinese" "Mozilla/5.0 (Windows NT 10.0; Win64; x64) AppleWebKit/537.36 (KHTML, like Gecko) Chrome/87.0.4280.88 Safari/537.36"
::1 - - [11/Dec/2020:09:44:08 +0000] "GET /stylesheets/style.css HTTP/1.1" 200 944 "http://localhost:3001/" "Mozilla/5.0 (Windows NT 10.0; Win64; x64) AppleWebKit/537.36 (KHTML, like Gecko) Chrome/87.0.4280.88 Safari/537.36"
::1 - - [11/Dec/2020:09:44:08 +0000] "GET /javascripts/email.js HTTP/1.1" 200 2009 "http://localhost:3001/" "Mozilla/5.0 (Windows NT 10.0; Win64; x64) AppleWebKit/537.36 (KHTML, like Gecko) Chrome/87.0.4280.88 Safari/537.36"
::1 - - [11/Dec/2020:09:44:08 +0000] "GET /javascripts/main.js HTTP/1.1" 200 481 "http://localhost:3001/" "Mozilla/5.0 (Windows NT 10.0; Win64; x64) AppleWebKit/537.36 (KHTML, like Gecko) Chrome/87.0.4280.88 Safari/537.36"
::1 - - [11/Dec/2020:09:44:08 +0000] "GET /javascripts/language.js HTTP/1.1" 200 1067 "http://localhost:3001/" "Mozilla/5.0 (Windows NT 10.0; Win64; x64) AppleWebKit/537.36 (KHTML, like Gecko) Chrome/87.0.4280.88 Safari/537.36"
::1 - - [11/Dec/2020:09:46:03 +0000] "GET / HTTP/1.1" 200 1543 "http://localhost:3001/chinese" "Mozilla/5.0 (Windows NT 10.0; Win64; x64) AppleWebKit/537.36 (KHTML, like Gecko) Chrome/87.0.4280.88 Safari/537.36"
::1 - - [11/Dec/2020:09:46:03 +0000] "GET /stylesheets/style.css HTTP/1.1" 200 944 "http://localhost:3001/" "Mozilla/5.0 (Windows NT 10.0; Win64; x64) AppleWebKit/537.36 (KHTML, like Gecko) Chrome/87.0.4280.88 Safari/537.36"
::1 - - [11/Dec/2020:09:46:03 +0000] "GET /javascripts/email.js HTTP/1.1" 200 2009 "http://localhost:3001/" "Mozilla/5.0 (Windows NT 10.0; Win64; x64) AppleWebKit/537.36 (KHTML, like Gecko) Chrome/87.0.4280.88 Safari/537.36"
::1 - - [11/Dec/2020:09:46:03 +0000] "GET /javascripts/main.js HTTP/1.1" 200 481 "http://localhost:3001/" "Mozilla/5.0 (Windows NT 10.0; Win64; x64) AppleWebKit/537.36 (KHTML, like Gecko) Chrome/87.0.4280.88 Safari/537.36"
::1 - - [11/Dec/2020:09:46:03 +0000] "GET /javascripts/language.js HTTP/1.1" 200 1067 "http://localhost:3001/" "Mozilla/5.0 (Windows NT 10.0; Win64; x64) AppleWebKit/537.36 (KHTML, like Gecko) Chrome/87.0.4280.88 Safari/537.36"
::1 - - [11/Dec/2020:09:46:13 +0000] "GET / HTTP/1.1" 200 1543 "http://localhost:3001/chinese" "Mozilla/5.0 (Windows NT 10.0; Win64; x64) AppleWebKit/537.36 (KHTML, like Gecko) Chrome/87.0.4280.88 Safari/537.36"
::1 - - [11/Dec/2020:09:46:13 +0000] "GET /stylesheets/style.css HTTP/1.1" 200 944 "http://localhost:3001/" "Mozilla/5.0 (Windows NT 10.0; Win64; x64) AppleWebKit/537.36 (KHTML, like Gecko) Chrome/87.0.4280.88 Safari/537.36"
::1 - - [11/Dec/2020:09:46:13 +0000] "GET /javascripts/email.js HTTP/1.1" 200 2009 "http://localhost:3001/" "Mozilla/5.0 (Windows NT 10.0; Win64; x64) AppleWebKit/537.36 (KHTML, like Gecko) Chrome/87.0.4280.88 Safari/537.36"
::1 - - [11/Dec/2020:09:46:13 +0000] "GET /javascripts/main.js HTTP/1.1" 200 481 "http://localhost:3001/" "Mozilla/5.0 (Windows NT 10.0; Win64; x64) AppleWebKit/537.36 (KHTML, like Gecko) Chrome/87.0.4280.88 Safari/537.36"
::1 - - [11/Dec/2020:09:46:13 +0000] "GET /javascripts/language.js HTTP/1.1" 200 1067 "http://localhost:3001/" "Mozilla/5.0 (Windows NT 10.0; Win64; x64) AppleWebKit/537.36 (KHTML, like Gecko) Chrome/87.0.4280.88 Safari/537.36"
::1 - - [11/Dec/2020:09:46:15 +0000] "GET / HTTP/1.1" 200 1543 "http://localhost:3001/chinese" "Mozilla/5.0 (Windows NT 10.0; Win64; x64) AppleWebKit/537.36 (KHTML, like Gecko) Chrome/87.0.4280.88 Safari/537.36"
::1 - - [11/Dec/2020:09:46:15 +0000] "GET /stylesheets/style.css HTTP/1.1" 200 944 "http://localhost:3001/" "Mozilla/5.0 (Windows NT 10.0; Win64; x64) AppleWebKit/537.36 (KHTML, like Gecko) Chrome/87.0.4280.88 Safari/537.36"
::1 - - [11/Dec/2020:09:46:15 +0000] "GET /javascripts/email.js HTTP/1.1" 200 2009 "http://localhost:3001/" "Mozilla/5.0 (Windows NT 10.0; Win64; x64) AppleWebKit/537.36 (KHTML, like Gecko) Chrome/87.0.4280.88 Safari/537.36"
::1 - - [11/Dec/2020:09:46:15 +0000] "GET /javascripts/language.js HTTP/1.1" 200 1067 "http://localhost:3001/" "Mozilla/5.0 (Windows NT 10.0; Win64; x64) AppleWebKit/537.36 (KHTML, like Gecko) Chrome/87.0.4280.88 Safari/537.36"
::1 - - [11/Dec/2020:09:46:15 +0000] "GET /javascripts/main.js HTTP/1.1" 200 481 "http://localhost:3001/" "Mozilla/5.0 (Windows NT 10.0; Win64; x64) AppleWebKit/537.36 (KHTML, like Gecko) Chrome/87.0.4280.88 Safari/537.36"
::1 - - [11/Dec/2020:09:46:52 +0000] "GET / HTTP/1.1" 200 1543 "http://localhost:3001/chinese" "Mozilla/5.0 (Windows NT 10.0; Win64; x64) AppleWebKit/537.36 (KHTML, like Gecko) Chrome/87.0.4280.88 Safari/537.36"
::1 - - [11/Dec/2020:09:46:52 +0000] "GET /stylesheets/style.css HTTP/1.1" 200 944 "http://localhost:3001/" "Mozilla/5.0 (Windows NT 10.0; Win64; x64) AppleWebKit/537.36 (KHTML, like Gecko) Chrome/87.0.4280.88 Safari/537.36"
::1 - - [11/Dec/2020:09:46:52 +0000] "GET /javascripts/email.js HTTP/1.1" 200 2009 "http://localhost:3001/" "Mozilla/5.0 (Windows NT 10.0; Win64; x64) AppleWebKit/537.36 (KHTML, like Gecko) Chrome/87.0.4280.88 Safari/537.36"
::1 - - [11/Dec/2020:09:46:52 +0000] "GET /javascripts/main.js HTTP/1.1" 200 481 "http://localhost:3001/" "Mozilla/5.0 (Windows NT 10.0; Win64; x64) AppleWebKit/537.36 (KHTML, like Gecko) Chrome/87.0.4280.88 Safari/537.36"
::1 - - [11/Dec/2020:09:46:52 +0000] "GET /javascripts/language.js HTTP/1.1" 200 1067 "http://localhost:3001/" "Mozilla/5.0 (Windows NT 10.0; Win64; x64) AppleWebKit/537.36 (KHTML, like Gecko) Chrome/87.0.4280.88 Safari/537.36"
::1 - - [11/Dec/2020:09:46:54 +0000] "GET / HTTP/1.1" 200 1543 "http://localhost:3001/chinese" "Mozilla/5.0 (Windows NT 10.0; Win64; x64) AppleWebKit/537.36 (KHTML, like Gecko) Chrome/87.0.4280.88 Safari/537.36"
::1 - - [11/Dec/2020:09:46:54 +0000] "GET /stylesheets/style.css HTTP/1.1" 200 944 "http://localhost:3001/" "Mozilla/5.0 (Windows NT 10.0; Win64; x64) AppleWebKit/537.36 (KHTML, like Gecko) Chrome/87.0.4280.88 Safari/537.36"
::1 - - [11/Dec/2020:09:46:54 +0000] "GET /javascripts/email.js HTTP/1.1" 200 2009 "http://localhost:3001/" "Mozilla/5.0 (Windows NT 10.0; Win64; x64) AppleWebKit/537.36 (KHTML, like Gecko) Chrome/87.0.4280.88 Safari/537.36"
::1 - - [11/Dec/2020:09:46:54 +0000] "GET /javascripts/main.js HTTP/1.1" 200 481 "http://localhost:3001/" "Mozilla/5.0 (Windows NT 10.0; Win64; x64) AppleWebKit/537.36 (KHTML, like Gecko) Chrome/87.0.4280.88 Safari/537.36"
::1 - - [11/Dec/2020:09:46:54 +0000] "GET /javascripts/language.js HTTP/1.1" 200 1067 "http://localhost:3001/" "Mozilla/5.0 (Windows NT 10.0; Win64; x64) AppleWebKit/537.36 (KHTML, like Gecko) Chrome/87.0.4280.88 Safari/537.36"
::1 - - [11/Dec/2020:09:47:01 +0000] "GET / HTTP/1.1" 200 1543 "http://localhost:3001/chinese" "Mozilla/5.0 (Windows NT 10.0; Win64; x64) AppleWebKit/537.36 (KHTML, like Gecko) Chrome/87.0.4280.88 Safari/537.36"
::1 - - [11/Dec/2020:09:47:01 +0000] "GET /stylesheets/style.css HTTP/1.1" 200 944 "http://localhost:3001/" "Mozilla/5.0 (Windows NT 10.0; Win64; x64) AppleWebKit/537.36 (KHTML, like Gecko) Chrome/87.0.4280.88 Safari/537.36"
::1 - - [11/Dec/2020:09:47:01 +0000] "GET /javascripts/email.js HTTP/1.1" 200 2009 "http://localhost:3001/" "Mozilla/5.0 (Windows NT 10.0; Win64; x64) AppleWebKit/537.36 (KHTML, like Gecko) Chrome/87.0.4280.88 Safari/537.36"
::1 - - [11/Dec/2020:09:47:01 +0000] "GET /javascripts/main.js HTTP/1.1" 200 481 "http://localhost:3001/" "Mozilla/5.0 (Windows NT 10.0; Win64; x64) AppleWebKit/537.36 (KHTML, like Gecko) Chrome/87.0.4280.88 Safari/537.36"
::1 - - [11/Dec/2020:09:47:01 +0000] "GET /javascripts/language.js HTTP/1.1" 200 1067 "http://localhost:3001/" "Mozilla/5.0 (Windows NT 10.0; Win64; x64) AppleWebKit/537.36 (KHTML, like Gecko) Chrome/87.0.4280.88 Safari/537.36"
::1 - - [11/Dec/2020:09:47:09 +0000] "POST /test HTTP/1.1" 200 25 "http://localhost:3001/" "Mozilla/5.0 (Windows NT 10.0; Win64; x64) AppleWebKit/537.36 (KHTML, like Gecko) Chrome/87.0.4280.88 Safari/537.36"
::1 - - [11/Dec/2020:10:07:32 +0000] "GET / HTTP/1.1" 200 1543 "http://localhost:3001/chinese" "Mozilla/5.0 (Windows NT 10.0; Win64; x64) AppleWebKit/537.36 (KHTML, like Gecko) Chrome/87.0.4280.88 Safari/537.36"
::1 - - [11/Dec/2020:10:07:32 +0000] "GET /stylesheets/style.css HTTP/1.1" 200 944 "http://localhost:3001/" "Mozilla/5.0 (Windows NT 10.0; Win64; x64) AppleWebKit/537.36 (KHTML, like Gecko) Chrome/87.0.4280.88 Safari/537.36"
::1 - - [11/Dec/2020:10:07:32 +0000] "GET /javascripts/main.js HTTP/1.1" 200 481 "http://localhost:3001/" "Mozilla/5.0 (Windows NT 10.0; Win64; x64) AppleWebKit/537.36 (KHTML, like Gecko) Chrome/87.0.4280.88 Safari/537.36"
::1 - - [11/Dec/2020:10:07:32 +0000] "GET /javascripts/email.js HTTP/1.1" 200 2009 "http://localhost:3001/" "Mozilla/5.0 (Windows NT 10.0; Win64; x64) AppleWebKit/537.36 (KHTML, like Gecko) Chrome/87.0.4280.88 Safari/537.36"
::1 - - [11/Dec/2020:10:07:32 +0000] "GET /javascripts/language.js HTTP/1.1" 200 1067 "http://localhost:3001/" "Mozilla/5.0 (Windows NT 10.0; Win64; x64) AppleWebKit/537.36 (KHTML, like Gecko) Chrome/87.0.4280.88 Safari/537.36"
